[2026-04-13 10:51:33] HTTP: ::1 - - [13/Apr/2026:05:21:33 +0000] "POST /api/v1/auth/register HTTP/1.1" 201 748 "-" "PostmanRuntime/7.51.1"
[2026-04-13 16:57:22] HTTP: ::1 - - [13/Apr/2026:11:27:22 +0000] "POST /api/v1/auth/login HTTP/1.1" 200 743 "-" "PostmanRuntime/7.51.1"
[2026-04-13 16:57:46] HTTP: ::1 - - [13/Apr/2026:11:27:46 +0000] "GET /api/v1/queue/report?startDate=2026-04-01&endDate=2026-04-10&page=1&limit=100 HTTP/1.1" 401 78 "-" "PostmanRuntime/7.51.1"
[2026-04-13 16:58:09] HTTP: ::1 - - [13/Apr/2026:11:28:09 +0000] "GET /api/v1/queue/report?startDate=2026-04-01&endDate=2026-04-10&page=1&limit=100 HTTP/1.1" 200 292 "-" "PostmanRuntime/7.51.1"
[2026-04-13 16:58:32] HTTP: ::1 - - [13/Apr/2026:11:28:32 +0000] "GET /api/v1/queue/report?startDate=2026-04-01&endDate=2026-04-10&page=1&limit=100 HTTP/1.1" 200 292 "-" "PostmanRuntime/7.51.1"
[2026-04-13 17:00:12] HTTP: ::1 - - [13/Apr/2026:11:30:12 +0000] "GET /api/v1/queue/report?startDate=2026-04-01&endDate=2026-04-10&page=1&limit=100 HTTP/1.1" 200 279 "-" "PostmanRuntime/7.51.1"
[2026-04-13 17:00:32] HTTP: ::1 - - [13/Apr/2026:11:30:32 +0000] "GET /api/v1/queue/report?startDate=2026-04-01&endDate=2026-04-10&page=1&limit=100 HTTP/1.1" 200 279 "-" "PostmanRuntime/7.51.1"
[2026-04-13 17:01:08] HTTP: ::1 - - [13/Apr/2026:11:31:08 +0000] "GET /api/v1/queue/report?startDate=2026-04-01&endDate=2026-04-10&page=1&limit=100 HTTP/1.1" 200 279 "-" "PostmanRuntime/7.51.1"
[2026-04-13 17:01:45] HTTP: ::1 - - [13/Apr/2026:11:31:45 +0000] "GET /api/v1/queue/report?startDate=2026-04-01&endDate=2026-04-10&page=1&limit=100 HTTP/1.1" 200 279 "-" "PostmanRuntime/7.51.1"
[2026-04-13 17:07:29] HTTP: ::1 - - [13/Apr/2026:11:37:29 +0000] "GET /api/v1/queue/report?startDate=2026-04-01&endDate=2026-04-10&page=1&limit=100 HTTP/1.1" 401 78 "-" "PostmanRuntime/7.51.1"
[2026-04-13 17:07:55] HTTP: ::1 - - [13/Apr/2026:11:37:55 +0000] "POST /api/v1/auth/login HTTP/1.1" 401 64 "-" "PostmanRuntime/7.51.1"
[2026-04-13 17:08:19] HTTP: ::1 - - [13/Apr/2026:11:38:19 +0000] "POST /api/v1/auth/login HTTP/1.1" 200 743 "-" "PostmanRuntime/7.51.1"
[2026-04-13 17:08:24] HTTP: ::1 - - [13/Apr/2026:11:38:24 +0000] "POST /api/v1/auth/login HTTP/1.1" 200 743 "-" "PostmanRuntime/7.51.1"
[2026-04-13 17:08:47] HTTP: ::1 - - [13/Apr/2026:11:38:47 +0000] "GET /api/v1/queue/report?startDate=2026-04-01&endDate=2026-04-10&page=1&limit=100 HTTP/1.1" 200 279 "-" "PostmanRuntime/7.51.1"
[2026-04-13 17:09:26] HTTP: ::1 - - [13/Apr/2026:11:39:26 +0000] "GET /api/v1/queue/report?startDate=2026-04-01&endDate=2026-04-10&page=1&limit=100 HTTP/1.1" 200 279 "-" "PostmanRuntime/7.51.1"
[2026-04-13 17:11:37] HTTP: ::1 - - [13/Apr/2026:11:41:37 +0000] "GET /api/v1/queue/report?startDate=2026-04-01&endDate=2026-04-10&page=1&limit=100 HTTP/1.1" 200 279 "-" "PostmanRuntime/7.51.1"
[2026-04-13 17:13:12] HTTP: ::1 - - [13/Apr/2026:11:43:12 +0000] "GET /api/v1/queue/report?startDate=2026-04-01&endDate=2026-04-10&page=1&limit=100 HTTP/1.1" 200 279 "-" "PostmanRuntime/7.51.1"
[2026-04-13 17:15:41] HTTP: ::1 - - [13/Apr/2026:11:45:41 +0000] "POST /api/v1/auth/login HTTP/1.1" 400 56 "-" "-"
[2026-04-13 17:16:16] HTTP: ::1 - - [13/Apr/2026:11:46:16 +0000] "POST /api/v1/auth/login HTTP/1.1" 401 64 "-" "-"
[2026-04-13 17:17:20] HTTP: ::1 - - [13/Apr/2026:11:47:20 +0000] "GET /api/v1/queue/report?startDate=2026-04-01&endDate=2026-04-10&page=1&limit=100 HTTP/1.1" 200 132 "-" "PostmanRuntime/7.51.1"
[2026-04-13 17:17:32] HTTP: ::1 - - [13/Apr/2026:11:47:32 +0000] "GET /api/v1/queue/report?startDate=2026-04-01&endDate=2026-04-10&page=1&limit=100 HTTP/1.1" 200 132 "-" "PostmanRuntime/7.51.1"
[2026-04-13 17:17:44] HTTP: ::1 - - [13/Apr/2026:11:47:44 +0000] "POST /api/v1/auth/login HTTP/1.1" 401 64 "-" "-"
[2026-04-13 17:17:48] HTTP: ::1 - - [13/Apr/2026:11:47:48 +0000] "GET /api/v1/queue/report?startDate=2026-04-01&endDate=2026-04-10&page=1&limit=100 HTTP/1.1" 200 132 "-" "PostmanRuntime/7.51.1"
[2026-04-13 17:18:58] HTTP: ::1 - - [13/Apr/2026:11:48:58 +0000] "GET /api/v1/queue/report?startDate=2026-04-01&endDate=2026-04-10&page=1&limit=100 HTTP/1.1" 200 132 "-" "PostmanRuntime/7.51.1"
[2026-04-13 17:19:23] HTTP: ::1 - - [13/Apr/2026:11:49:23 +0000] "GET /api/v1/queue/report?startDate=2026-04-01&endDate=2026-04-10&page=1&limit=100 HTTP/1.1" 200 132 "-" "PostmanRuntime/7.51.1"
[2026-04-13 17:21:06] HTTP: ::1 - - [13/Apr/2026:11:51:06 +0000] "GET /api/v1/queue/report?startDate=2026-04-01&endDate=2026-04-10&page=1&limit=100 HTTP/1.1" 200 132 "-" "PostmanRuntime/7.51.1"
[2026-04-13 17:21:52] HTTP: ::1 - - [13/Apr/2026:11:51:52 +0000] "GET /api/v1/queue/report?startDate=2026-04-01&endDate=2026-04-10&page=1&limit=100 HTTP/1.1" 200 132 "-" "PostmanRuntime/7.51.1"
[2026-04-13 17:23:55] HTTP: ::1 - - [13/Apr/2026:11:53:55 +0000] "GET /api/v1/queue/report?startDate=2026-04-01&endDate=2026-04-10&page=1&limit=100 HTTP/1.1" 200 132 "-" "PostmanRuntime/7.51.1"
[2026-04-13 17:24:04] HTTP: ::1 - - [13/Apr/2026:11:54:04 +0000] "GET /api/v1/queue/report?startDate=2026-04-01&endDate=2026-04-10&page=1&limit=100 HTTP/1.1" 200 132 "-" "PostmanRuntime/7.51.1"
[2026-04-13 17:24:10] HTTP: ::1 - - [13/Apr/2026:11:54:10 +0000] "GET /api/v1/queue/report?startDate=2026-04-01&endDate=2026-04-10&page=1&limit=100 HTTP/1.1" 200 132 "-" "PostmanRuntime/7.51.1"
[2026-04-13 17:24:20] HTTP: ::1 - - [13/Apr/2026:11:54:20 +0000] "GET /api/v1/queue/report?startDate=2026-04-01&endDate=2026-04-13 HTTP/1.1" 401 63 "-" "curl/8.18.0"
[2026-04-13 17:24:47] HTTP: ::1 - - [13/Apr/2026:11:54:47 +0000] "GET /api/v1/queue/report?startDate=2026-04-01&endDate=2026-04-13 HTTP/1.1" 200 4154 "-" "PostmanRuntime/7.51.1"
[2026-04-13 17:29:52] HTTP: ::1 - - [13/Apr/2026:11:59:52 +0000] "GET /api/v1/queue/report?startDate=2026-04-01&endDate=2026-04-13 HTTP/1.1" 200 5560 "-" "PostmanRuntime/7.51.1"
[2026-04-13 17:32:25] HTTP: ::1 - - [13/Apr/2026:12:02:25 +0000] "GET /api/v1/queue/report?startDate=2026-04-01&endDate=2026-04-13 HTTP/1.1" 200 5853 "-" "PostmanRuntime/7.51.1"
