[2026-04-09 11:14:28] HTTP: ::1 - - [09/Apr/2026:05:44:28 +0000] "POST /api/v1/auth/register HTTP/1.1" 201 758 "-" "PostmanRuntime/7.51.1"
[2026-04-09 11:16:07] HTTP: ::1 - - [09/Apr/2026:05:46:07 +0000] "POST /api/v1/auth/login HTTP/1.1" 200 768 "-" "PostmanRuntime/7.51.1"
[2026-04-09 11:18:39] HTTP: ::1 - - [09/Apr/2026:05:48:39 +0000] "POST /api/v1/diesel-fillings HTTP/1.1" 403 75 "-" "PostmanRuntime/7.51.1"
[2026-04-09 11:19:16] HTTP: ::1 - - [09/Apr/2026:05:49:16 +0000] "POST /api/v1/auth/login HTTP/1.1" 200 768 "-" "PostmanRuntime/7.51.1"
[2026-04-09 11:19:55] HTTP: ::1 - - [09/Apr/2026:05:49:55 +0000] "POST /api/v1/diesel-fillings HTTP/1.1" 403 75 "-" "PostmanRuntime/7.51.1"
[2026-04-09 11:22:15] HTTP: ::1 - - [09/Apr/2026:05:52:15 +0000] "POST /api/v1/auth/login HTTP/1.1" 200 768 "-" "PostmanRuntime/7.51.1"
[2026-04-09 11:22:36] HTTP: ::1 - - [09/Apr/2026:05:52:36 +0000] "POST /api/v1/diesel-fillings HTTP/1.1" 403 75 "-" "PostmanRuntime/7.51.1"
[2026-04-09 11:22:38] HTTP: ::1 - - [09/Apr/2026:05:52:38 +0000] "POST /api/v1/diesel-fillings HTTP/1.1" 403 75 "-" "PostmanRuntime/7.51.1"
[2026-04-09 11:24:12] HTTP: ::1 - - [09/Apr/2026:05:54:12 +0000] "POST /api/v1/auth/login HTTP/1.1" 200 773 "-" "PostmanRuntime/7.51.1"
[2026-04-09 11:24:35] HTTP: ::1 - - [09/Apr/2026:05:54:35 +0000] "POST /api/v1/diesel-fillings HTTP/1.1" 500 60 "-" "PostmanRuntime/7.51.1"
[2026-04-09 11:26:12] HTTP: ::1 - - [09/Apr/2026:05:56:12 +0000] "POST /api/v1/diesel-fillings HTTP/1.1" 201 49 "-" "PostmanRuntime/7.51.1"
[2026-04-09 11:28:28] HTTP: ::1 - - [09/Apr/2026:05:58:28 +0000] "POST /api/v1/auth/register HTTP/1.1" 201 773 "-" "PostmanRuntime/7.51.1"
[2026-04-09 11:28:35] HTTP: ::1 - - [09/Apr/2026:05:58:35 +0000] "POST /api/v1/auth/login HTTP/1.1" 200 783 "-" "PostmanRuntime/7.51.1"
[2026-04-09 11:28:40] HTTP: ::1 - - [09/Apr/2026:05:58:40 +0000] "POST /api/v1/auth/refresh HTTP/1.1" 401 60 "-" "PostmanRuntime/7.51.1"
[2026-04-09 11:28:45] HTTP: ::1 - - [09/Apr/2026:05:58:45 +0000] "GET /api/v1/auth/profile HTTP/1.1" 401 79 "-" "PostmanRuntime/7.51.1"
[2026-04-09 11:29:23] HTTP: ::1 - - [09/Apr/2026:05:59:23 +0000] "POST /api/v1/auth/refresh HTTP/1.1" 401 60 "-" "PostmanRuntime/7.51.1"
[2026-04-09 11:29:32] HTTP: ::1 - - [09/Apr/2026:05:59:32 +0000] "GET /api/v1/auth/profile HTTP/1.1" 401 79 "-" "PostmanRuntime/7.51.1"
[2026-04-09 11:30:01] HTTP: ::1 - - [09/Apr/2026:06:00:01 +0000] "POST /api/v1/auth/refresh HTTP/1.1" 401 63 "-" "PostmanRuntime/7.51.1"
[2026-04-09 11:30:24] HTTP: ::1 - - [09/Apr/2026:06:00:24 +0000] "POST /api/v1/auth/refresh HTTP/1.1" 200 782 "-" "PostmanRuntime/7.51.1"
[2026-04-09 11:30:40] HTTP: ::1 - - [09/Apr/2026:06:00:40 +0000] "GET /api/v1/auth/profile HTTP/1.1" 200 405 "-" "PostmanRuntime/7.51.1"
[2026-04-09 11:30:59] HTTP: ::1 - - [09/Apr/2026:06:00:59 +0000] "POST /api/v1/requests HTTP/1.1" 201 575 "-" "PostmanRuntime/7.51.1"
[2026-04-09 11:31:09] HTTP: ::1 - - [09/Apr/2026:06:01:09 +0000] "GET /api/v1/requests/my HTTP/1.1" 200 592 "-" "PostmanRuntime/7.51.1"
[2026-04-09 11:31:20] HTTP: ::1 - - [09/Apr/2026:06:01:20 +0000] "GET /api/v1/requests/my?page=1&limit=10 HTTP/1.1" 200 592 "-" "PostmanRuntime/7.51.1"
[2026-04-09 11:31:30] HTTP: ::1 - - [09/Apr/2026:06:01:30 +0000] "GET /api/v1/requests/69d61bf4c46959fd22ffeea9 HTTP/1.1" 404 48 "-" "PostmanRuntime/7.51.1"
[2026-04-09 11:31:56] HTTP: ::1 - - [09/Apr/2026:06:01:56 +0000] "GET /api/v1/requests/69d7409bc67ab2ee91e9fcfa HTTP/1.1" 200 713 "-" "PostmanRuntime/7.51.1"
[2026-04-09 11:32:09] HTTP: ::1 - - [09/Apr/2026:06:02:09 +0000] "GET /api/v1/requests HTTP/1.1" 403 71 "-" "PostmanRuntime/7.51.1"
[2026-04-09 11:32:38] HTTP: ::1 - - [09/Apr/2026:06:02:38 +0000] "GET /api/v1/requests HTTP/1.1" 403 71 "-" "PostmanRuntime/7.51.1"
[2026-04-09 11:33:00] HTTP: ::1 - - [09/Apr/2026:06:03:00 +0000] "GET /api/v1/requests HTTP/1.1" 403 71 "-" "PostmanRuntime/7.51.1"
[2026-04-09 11:33:18] HTTP: ::1 - - [09/Apr/2026:06:03:18 +0000] "GET /api/v1/requests?status=pending&page=1&limit=10 HTTP/1.1" 403 71 "-" "PostmanRuntime/7.51.1"
[2026-04-09 11:33:33] HTTP: ::1 - - [09/Apr/2026:06:03:33 +0000] "GET /api/v1/queue HTTP/1.1" 403 71 "-" "PostmanRuntime/7.51.1"
[2026-04-09 11:35:21] HTTP: ::1 - - [09/Apr/2026:06:05:21 +0000] "GET /api/v1/requests HTTP/1.1" 403 71 "-" "PostmanRuntime/7.51.1"
[2026-04-09 11:35:23] HTTP: ::1 - - [09/Apr/2026:06:05:23 +0000] "GET /api/v1/requests HTTP/1.1" 403 71 "-" "PostmanRuntime/7.51.1"
[2026-04-09 11:37:01] HTTP: ::1 - - [09/Apr/2026:06:07:01 +0000] "GET /api/v1/requests HTTP/1.1" 403 71 "-" "PostmanRuntime/7.51.1"
[2026-04-09 11:37:16] HTTP: ::1 - - [09/Apr/2026:06:07:16 +0000] "GET /api/v1/requests/69d7409bc67ab2ee91e9fcfa HTTP/1.1" 200 713 "-" "PostmanRuntime/7.51.1"
[2026-04-09 11:37:21] HTTP: ::1 - - [09/Apr/2026:06:07:21 +0000] "GET /api/v1/requests/my?page=1&limit=10 HTTP/1.1" 200 592 "-" "PostmanRuntime/7.51.1"
[2026-04-09 11:37:32] HTTP: ::1 - - [09/Apr/2026:06:07:32 +0000] "GET /api/v1/requests HTTP/1.1" 403 71 "-" "PostmanRuntime/7.51.1"
[2026-04-09 11:38:10] HTTP: ::1 - - [09/Apr/2026:06:08:10 +0000] "GET /api/v1/requests HTTP/1.1" 403 71 "-" "PostmanRuntime/7.51.1"
[2026-04-09 11:38:49] HTTP: ::1 - - [09/Apr/2026:06:08:49 +0000] "GET /api/v1/requests HTTP/1.1" 403 71 "-" "PostmanRuntime/7.51.1"
[2026-04-09 11:39:01] HTTP: ::1 - - [09/Apr/2026:06:09:01 +0000] "GET /api/v1/requests HTTP/1.1" 403 71 "-" "PostmanRuntime/7.51.1"
[2026-04-09 11:40:22] HTTP: ::1 - - [09/Apr/2026:06:10:22 +0000] "GET /api/v1/requests HTTP/1.1" 403 71 "-" "PostmanRuntime/7.51.1"
[2026-04-09 11:40:24] HTTP: ::1 - - [09/Apr/2026:06:10:24 +0000] "GET /api/v1/requests HTTP/1.1" 403 71 "-" "PostmanRuntime/7.51.1"
[2026-04-09 11:41:30] HTTP: ::1 - - [09/Apr/2026:06:11:30 +0000] "GET /api/v1/requests HTTP/1.1" 403 71 "-" "PostmanRuntime/7.51.1"
[2026-04-09 11:45:11] HTTP: ::1 - - [09/Apr/2026:06:15:11 +0000] "POST /api/v1/auth/register HTTP/1.1" 422 153 "-" "PostmanRuntime/7.51.1"
[2026-04-09 11:46:08] HTTP: ::1 - - [09/Apr/2026:06:16:08 +0000] "POST /api/v1/auth/register HTTP/1.1" 201 765 "-" "PostmanRuntime/7.51.1"
[2026-04-09 11:47:14] HTTP: ::1 - - [09/Apr/2026:06:17:14 +0000] "POST /api/v1/auth/login HTTP/1.1" 200 775 "-" "PostmanRuntime/7.51.1"
[2026-04-09 11:47:34] HTTP: ::1 - - [09/Apr/2026:06:17:34 +0000] "GET /api/v1/requests HTTP/1.1" 403 71 "-" "PostmanRuntime/7.51.1"
[2026-04-09 11:47:36] HTTP: ::1 - - [09/Apr/2026:06:17:36 +0000] "GET /api/v1/requests HTTP/1.1" 403 71 "-" "PostmanRuntime/7.51.1"
[2026-04-09 11:48:33] HTTP: ::1 - - [09/Apr/2026:06:18:33 +0000] "GET /api/v1/requests HTTP/1.1" 403 71 "-" "PostmanRuntime/7.51.1"
[2026-04-09 11:51:26] HTTP: ::1 - - [09/Apr/2026:06:21:26 +0000] "GET /api/v1/requests HTTP/1.1" 200 2966 "-" "PostmanRuntime/7.51.1"
[2026-04-09 11:52:01] HTTP: ::1 - - [09/Apr/2026:06:22:01 +0000] "GET /api/v1/requests?status=pending&page=1&limit=10 HTTP/1.1" 200 758 "-" "PostmanRuntime/7.51.1"
[2026-04-09 11:52:19] HTTP: ::1 - - [09/Apr/2026:06:22:19 +0000] "GET /api/v1/queue HTTP/1.1" 200 755 "-" "PostmanRuntime/7.51.1"
[2026-04-09 11:52:37] HTTP: ::1 - - [09/Apr/2026:06:22:37 +0000] "GET /api/v1/queue?page=1&limit=50 HTTP/1.1" 200 755 "-" "PostmanRuntime/7.51.1"
[2026-04-09 11:52:54] HTTP: ::1 - - [09/Apr/2026:06:22:54 +0000] "GET /api/v1/queue/next HTTP/1.1" 200 719 "-" "PostmanRuntime/7.51.1"
[2026-04-09 11:53:12] HTTP: ::1 - - [09/Apr/2026:06:23:12 +0000] "PATCH /api/v1/queue/69d61bf4c46959fd22ffeea9/assign HTTP/1.1" 409 106 "-" "PostmanRuntime/7.51.1"
[2026-04-09 11:53:27] HTTP: ::1 - - [09/Apr/2026:06:23:27 +0000] "PATCH /api/v1/queue/69d61bf4c46959fd22ffeea9/assign HTTP/1.1" 409 106 "-" "PostmanRuntime/7.51.1"
[2026-04-09 11:53:36] HTTP: ::1 - - [09/Apr/2026:06:23:36 +0000] "PATCH /api/v1/queue/69d61bf4c46959fd22ffeea9/assign HTTP/1.1" 409 106 "-" "PostmanRuntime/7.51.1"
[2026-04-09 11:53:54] HTTP: ::1 - - [09/Apr/2026:06:23:54 +0000] "PATCH /api/v1/queue/69d61bf4c46959fd22ffeea9/assign HTTP/1.1" 409 106 "-" "PostmanRuntime/7.51.1"
[2026-04-09 11:54:53] HTTP: ::1 - - [09/Apr/2026:06:24:53 +0000] "PATCH /api/v1/queue/69d74004c67ab2ee91e9fced/assign HTTP/1.1" 409 106 "-" "PostmanRuntime/7.51.1"
[2026-04-09 11:55:17] HTTP: ::1 - - [09/Apr/2026:06:25:17 +0000] "PATCH /api/v1/queue/69d7409bc67ab2ee91e9fcfa/assign HTTP/1.1" 200 850 "-" "PostmanRuntime/7.51.1"
[2026-04-09 11:56:22] HTTP: ::1 - - [09/Apr/2026:06:26:22 +0000] "PATCH /api/v1/queue/69d61bf4c46959fd22ffeea9/complete HTTP/1.1" 404 73 "-" "PostmanRuntime/7.51.1"
[2026-04-09 11:56:48] HTTP: ::1 - - [09/Apr/2026:06:26:48 +0000] "PATCH /api/v1/queue/69d7409bc67ab2ee91e9fcfa/complete HTTP/1.1" 200 706 "-" "PostmanRuntime/7.51.1"
[2026-04-09 11:57:05] HTTP: ::1 - - [09/Apr/2026:06:27:05 +0000] "GET /api/v1/receipts HTTP/1.1" 200 110 "-" "PostmanRuntime/7.51.1"
[2026-04-09 11:57:41] HTTP: ::1 - - [09/Apr/2026:06:27:41 +0000] "POST /api/v1/receipts/request/69d7409bc67ab2ee91e9fcfa HTTP/1.1" 201 609 "-" "PostmanRuntime/7.51.1"
[2026-04-09 11:57:48] HTTP: ::1 - - [09/Apr/2026:06:27:48 +0000] "GET /api/v1/receipts HTTP/1.1" 200 797 "-" "PostmanRuntime/7.51.1"
[2026-04-09 11:58:22] HTTP: ::1 - - [09/Apr/2026:06:28:22 +0000] "PATCH /api/v1/receipts/69d7409bc67ab2ee91e9fcfa/printed HTTP/1.1" 200 79 "-" "PostmanRuntime/7.51.1"
[2026-04-09 11:59:10] HTTP: ::1 - - [09/Apr/2026:06:29:10 +0000] "POST /api/v1/diesel-fillings HTTP/1.1" 201 395 "-" "PostmanRuntime/7.51.1"
[2026-04-09 11:59:29] HTTP: ::1 - - [09/Apr/2026:06:29:29 +0000] "POST /api/v1/diesel-fillings HTTP/1.1" 201 374 "-" "PostmanRuntime/7.51.1"
[2026-04-09 12:11:09] HTTP: ::1 - - [09/Apr/2026:06:41:09 +0000] "GET /api/v1/diesel-fillings?page=1&limit=20&tankerNumber=WT-12345&startDate=2026-04-01T00:00:00.000Z&endDate=2026-04-30T23:59:59.000Z HTTP/1.1" 200 88 "-" "PostmanRuntime/7.51.1"
[2026-04-09 12:13:16] HTTP: ::1 - - [09/Apr/2026:06:43:16 +0000] "GET /api/v1/diesel-fillings/69d7474955680221be212060 HTTP/1.1" 200 36 "-" "PostmanRuntime/7.51.1"
[2026-04-09 12:17:04] HTTP: ::1 - - [09/Apr/2026:06:47:04 +0000] "GET /api/v1/diesel-fillings/report?page=1&limit=20&tankerNumber=WT-1234&startDate=2026-04-09T10:00:00.000Z&endDate=2026-04-30T23:59:59.000Z HTTP/1.1" 200 88 "-" "PostmanRuntime/7.51.1"
[2026-04-09 12:21:01] HTTP: ::1 - - [09/Apr/2026:06:51:01 +0000] "GET /api/v1/diesel-fillings/report?endDate=2026-04-30T23:59:59.000Z&startDate=2026-04-01T00:00:00.000Z HTTP/1.1" 200 88 "-" "PostmanRuntime/7.51.1"
[2026-04-09 12:24:44] HTTP: ::1 - - [09/Apr/2026:06:54:44 +0000] "GET /api/v1/diesel-fillings/report?endDate=2026-04-30T23:59:59.000Z&startDate=2026-04-01T00:00:00.000Z HTTP/1.1" 200 88 "-" "PostmanRuntime/7.51.1"
[2026-04-09 12:29:23] HTTP: ::1 - - [09/Apr/2026:06:59:23 +0000] "GET /api/v1/diesel-fillings?page=1&limit=20 HTTP/1.1" 200 1329 "-" "PostmanRuntime/7.51.1"
[2026-04-09 12:31:21] HTTP: ::1 - - [09/Apr/2026:07:01:21 +0000] "GET /api/v1/diesel-fillings/report?page=1&limit=20&startDate=2026-04-09T00:00:00.000Z&endDate=2026-04-09T23:59:59.000Z HTTP/1.1" 200 1543 "-" "PostmanRuntime/7.51.1"
[2026-04-09 12:33:46] HTTP: ::1 - - [09/Apr/2026:07:03:46 +0000] "GET /api/v1/diesel-fillings/summary/WT-12345 HTTP/1.1" 200 36 "-" "PostmanRuntime/7.51.1"
[2026-04-09 12:36:32] HTTP: ::1 - - [09/Apr/2026:07:06:32 +0000] "GET /api/v1/diesel-fillings/summary/WT-1234 HTTP/1.1" 200 36 "-" "PostmanRuntime/7.51.1"
[2026-04-09 12:40:47] HTTP: ::1 - - [09/Apr/2026:07:10:47 +0000] "GET /api/v1/diesel-fillings/summary/WT-1234 HTTP/1.1" 200 332 "-" "PostmanRuntime/7.51.1"
[2026-04-09 12:45:56] HTTP: ::1 - - [09/Apr/2026:07:15:56 +0000] "GET /api/v1/diesel-fillings/summary/WT-12345 HTTP/1.1" 200 332 "-" "PostmanRuntime/7.51.1"
[2026-04-09 13:17:41] HTTP: ::1 - - [09/Apr/2026:07:47:41 +0000] "POST /api/v1/auth/login HTTP/1.1" 200 769 "-" "PostmanRuntime/7.51.1"
[2026-04-09 13:20:45] HTTP: ::1 - - [09/Apr/2026:07:50:45 +0000] "POST /api/v1/auth/create-manager HTTP/1.1" 409 80 "-" "PostmanRuntime/7.51.1"
[2026-04-09 13:20:58] HTTP: ::1 - - [09/Apr/2026:07:50:58 +0000] "POST /api/v1/auth/create-manager HTTP/1.1" 201 385 "-" "PostmanRuntime/7.51.1"
[2026-04-09 13:22:39] HTTP: ::1 - - [09/Apr/2026:07:52:39 +0000] "POST /api/v1/auth/create-manager HTTP/1.1" 201 394 "-" "PostmanRuntime/7.51.1"
