[2026-04-09 10:55:24] ERROR: MongoDB connection failed: Could not connect to any servers in your MongoDB Atlas cluster. One common reason is that you're trying to access the database from an IP that isn't whitelisted. Make sure your current IP address is on your Atlas cluster's IP whitelist: https://www.mongodb.com/docs/atlas/security-whitelist/
[2026-04-09 10:56:12] INFO: MongoDB Connected: ac-rhwz3uy-shard-00-02.juh27ms.mongodb.net
[2026-04-09 10:56:12] INFO: Server running on development mode on port 5000
[2026-04-09 11:24:35] ERROR: TypeError: logger.error is not a function
TypeError: logger.error is not a function
    at Object.recordDieselFilling (D:\DarchTech_PVT_LLP\WaterTranker Project\watertanker-backend\src\services\dieselFilling.service.js:97:12)
    at process.processTicksAndRejections (node:internal/process/task_queues:95:5)
    at async recordDieselFilling (D:\DarchTech_PVT_LLP\WaterTranker Project\watertanker-backend\src\controllers\dieselFilling.controller.js:18:24)
[2026-04-09 11:25:38] INFO: MongoDB Connected: ac-rhwz3uy-shard-00-00.juh27ms.mongodb.net
[2026-04-09 11:25:38] INFO: Server running on development mode on port 5000
[2026-04-09 11:26:06] INFO: MongoDB Connected: ac-rhwz3uy-shard-00-02.juh27ms.mongodb.net
[2026-04-09 11:26:06] INFO: Server running on development mode on port 5000
[2026-04-09 11:26:12] INFO: First diesel filling record for tanker WT-1234
[2026-04-09 11:26:12] INFO: Diesel filling recorded for tanker WT-1234: 150 liters, 0 trips since last fill
[2026-04-09 11:26:12] INFO: User 69d73cbc564ef77154956101 recorded diesel filling for tanker WT-1234
[2026-04-09 11:28:40] ERROR: Error: User not found or deactivated.
Error: User not found or deactivated.
    at Object.refreshToken (D:\DarchTech_PVT_LLP\WaterTranker Project\watertanker-backend\src\services\auth.service.js:75:11)
    at process.processTicksAndRejections (node:internal/process/task_queues:95:5)
    at async refresh (D:\DarchTech_PVT_LLP\WaterTranker Project\watertanker-backend\src\controllers\auth.controller.js:26:18)
[2026-04-09 11:29:23] ERROR: Error: User not found or deactivated.
Error: User not found or deactivated.
    at Object.refreshToken (D:\DarchTech_PVT_LLP\WaterTranker Project\watertanker-backend\src\services\auth.service.js:75:11)
    at process.processTicksAndRejections (node:internal/process/task_queues:95:5)
    at async refresh (D:\DarchTech_PVT_LLP\WaterTranker Project\watertanker-backend\src\controllers\auth.controller.js:26:18)
[2026-04-09 11:30:01] ERROR: Error: Invalid or expired refresh token.
Error: Invalid or expired refresh token.
    at Object.refreshToken (D:\DarchTech_PVT_LLP\WaterTranker Project\watertanker-backend\src\services\auth.service.js:70:11)
    at refresh (D:\DarchTech_PVT_LLP\WaterTranker Project\watertanker-backend\src\controllers\auth.controller.js:26:36)
    at newFn (D:\DarchTech_PVT_LLP\WaterTranker Project\watertanker-backend\node_modules\express-async-errors\index.js:16:20)
    at Layer.handle [as handle_request] (D:\DarchTech_PVT_LLP\WaterTranker Project\watertanker-backend\node_modules\express\lib\router\layer.js:95:5)
    at next (D:\DarchTech_PVT_LLP\WaterTranker Project\watertanker-backend\node_modules\express\lib\router\route.js:149:13)
    at validate (D:\DarchTech_PVT_LLP\WaterTranker Project\watertanker-backend\src\middlewares\validate.middleware.js:25:3)
    at newFn (D:\DarchTech_PVT_LLP\WaterTranker Project\watertanker-backend\node_modules\express-async-errors\index.js:16:20)
    at Layer.handle [as handle_request] (D:\DarchTech_PVT_LLP\WaterTranker Project\watertanker-backend\node_modules\express\lib\router\layer.js:95:5)
    at next (D:\DarchTech_PVT_LLP\WaterTranker Project\watertanker-backend\node_modules\express\lib\router\route.js:149:13)
    at middleware (D:\DarchTech_PVT_LLP\WaterTranker Project\watertanker-backend\node_modules\express-validator\lib\middlewares\check.js:16:13)
[2026-04-09 11:31:30] ERROR: Error: Request not found.
Error: Request not found.
    at Object.getRequestById (D:\DarchTech_PVT_LLP\WaterTranker Project\watertanker-backend\src\services\request.service.js:35:23)
    at process.processTicksAndRejections (node:internal/process/task_queues:95:5)
    at async getRequestById (D:\DarchTech_PVT_LLP\WaterTranker Project\watertanker-backend\src\controllers\request.controller.js:41:19)
[2026-04-09 11:33:43] INFO: MongoDB Connected: ac-rhwz3uy-shard-00-01.juh27ms.mongodb.net
[2026-04-09 11:33:43] INFO: Server running on development mode on port 5000
[2026-04-09 11:35:09] INFO: MongoDB Connected: ac-rhwz3uy-shard-00-00.juh27ms.mongodb.net
[2026-04-09 11:35:10] INFO: Server running on development mode on port 5000
[2026-04-09 11:49:21] INFO: MongoDB reconnected.
[2026-04-09 11:49:51] WARN: MongoDB disconnected. Attempting to reconnect...
[2026-04-09 11:49:51] INFO: MongoDB reconnected.
[2026-04-09 11:53:12] ERROR: Error: Request could not be assigned. It may already be assigned or does not exist.
Error: Request could not be assigned. It may already be assigned or does not exist.
    at assignTanker (D:\DarchTech_PVT_LLP\WaterTranker Project\watertanker-backend\src\controllers\queue.controller.js:41:11)
    at process.processTicksAndRejections (node:internal/process/task_queues:95:5)
[2026-04-09 11:53:27] ERROR: Error: Request could not be assigned. It may already be assigned or does not exist.
Error: Request could not be assigned. It may already be assigned or does not exist.
    at assignTanker (D:\DarchTech_PVT_LLP\WaterTranker Project\watertanker-backend\src\controllers\queue.controller.js:41:11)
    at process.processTicksAndRejections (node:internal/process/task_queues:95:5)
[2026-04-09 11:53:36] ERROR: Error: Request could not be assigned. It may already be assigned or does not exist.
Error: Request could not be assigned. It may already be assigned or does not exist.
    at assignTanker (D:\DarchTech_PVT_LLP\WaterTranker Project\watertanker-backend\src\controllers\queue.controller.js:41:11)
    at process.processTicksAndRejections (node:internal/process/task_queues:95:5)
[2026-04-09 11:53:54] ERROR: Error: Request could not be assigned. It may already be assigned or does not exist.
Error: Request could not be assigned. It may already be assigned or does not exist.
    at assignTanker (D:\DarchTech_PVT_LLP\WaterTranker Project\watertanker-backend\src\controllers\queue.controller.js:41:11)
    at process.processTicksAndRejections (node:internal/process/task_queues:95:5)
[2026-04-09 11:54:53] ERROR: Error: Request could not be assigned. It may already be assigned or does not exist.
Error: Request could not be assigned. It may already be assigned or does not exist.
    at assignTanker (D:\DarchTech_PVT_LLP\WaterTranker Project\watertanker-backend\src\controllers\queue.controller.js:41:11)
    at process.processTicksAndRejections (node:internal/process/task_queues:95:5)
[2026-04-09 11:56:22] ERROR: Error: Request not found or not in assigned state.
Error: Request not found or not in assigned state.
    at completeRequest (D:\DarchTech_PVT_LLP\WaterTranker Project\watertanker-backend\src\controllers\queue.controller.js:56:11)
    at process.processTicksAndRejections (node:internal/process/task_queues:95:5)
[2026-04-09 11:59:09] INFO: Tanker WT-1234: 0 trips completed since last diesel filling on Thu Apr 09 2026 15:30:00 GMT+0530 (India Standard Time)
[2026-04-09 11:59:10] INFO: Diesel filling recorded for tanker WT-1234: 150 liters, 0 trips since last fill
[2026-04-09 11:59:10] INFO: User 69d73cbc564ef77154956101 recorded diesel filling for tanker WT-1234
[2026-04-09 11:59:29] INFO: First diesel filling record for tanker WT-12345
[2026-04-09 11:59:29] INFO: Diesel filling recorded for tanker WT-12345: 150 liters, 0 trips since last fill
[2026-04-09 11:59:29] INFO: User 69d73cbc564ef77154956101 recorded diesel filling for tanker WT-12345
[2026-04-09 12:27:00] INFO: MongoDB Connected: ac-rhwz3uy-shard-00-00.juh27ms.mongodb.net
[2026-04-09 12:27:00] INFO: Server running on development mode on port 5000
[2026-04-09 12:27:38] INFO: MongoDB Connected: ac-rhwz3uy-shard-00-01.juh27ms.mongodb.net
[2026-04-09 12:27:38] INFO: Server running on development mode on port 5000
[2026-04-09 12:37:50] INFO: MongoDB Connected: ac-rhwz3uy-shard-00-01.juh27ms.mongodb.net
[2026-04-09 12:37:50] INFO: Server running on development mode on port 5000
[2026-04-09 12:38:19] INFO: MongoDB Connected: ac-rhwz3uy-shard-00-01.juh27ms.mongodb.net
[2026-04-09 12:38:19] INFO: Server running on development mode on port 5000
[2026-04-09 12:38:49] INFO: MongoDB Connected: ac-rhwz3uy-shard-00-01.juh27ms.mongodb.net
[2026-04-09 12:38:49] INFO: Server running on development mode on port 5000
[2026-04-09 12:40:23] INFO: MongoDB Connected: ac-rhwz3uy-shard-00-00.juh27ms.mongodb.net
[2026-04-09 12:40:23] INFO: Server running on development mode on port 5000
[2026-04-09 12:40:42] INFO: MongoDB Connected: ac-rhwz3uy-shard-00-00.juh27ms.mongodb.net
[2026-04-09 12:40:42] INFO: Server running on development mode on port 5000
[2026-04-09 12:59:55] INFO: MongoDB Connected: ac-rhwz3uy-shard-00-02.juh27ms.mongodb.net
[2026-04-09 12:59:55] INFO: Server running on development mode on port 5000
[2026-04-09 13:03:11] INFO: MongoDB Connected: ac-rhwz3uy-shard-00-00.juh27ms.mongodb.net
[2026-04-09 13:03:11] INFO: Server running on development mode on port 5000
[2026-04-09 13:05:20] INFO: MongoDB Connected: ac-rhwz3uy-shard-00-02.juh27ms.mongodb.net
[2026-04-09 13:05:20] INFO: Server running on development mode on port 5000
[2026-04-09 13:06:11] INFO: MongoDB Connected: ac-rhwz3uy-shard-00-02.juh27ms.mongodb.net
[2026-04-09 13:06:11] INFO: Server running on development mode on port 5000
[2026-04-09 13:16:12] INFO: MongoDB Connected: ac-rhwz3uy-shard-00-00.juh27ms.mongodb.net
[2026-04-09 13:16:12] INFO: Server running on development mode on port 5000
[2026-04-09 13:20:45] ERROR: Error: An account with this mobile number already exists.
Error: An account with this mobile number already exists.
    at Object.createManagerOrFuelManager (D:\DarchTech_PVT_LLP\WaterTranker Project\watertanker-backend\src\services\auth.service.js:129:11)
    at process.processTicksAndRejections (node:internal/process/task_queues:95:5)
    at async createManager (D:\DarchTech_PVT_LLP\WaterTranker Project\watertanker-backend\src\controllers\auth.controller.js:44:18)
[2026-04-09 13:24:24] INFO: MongoDB reconnected.
[2026-04-09 13:24:24] INFO: MongoDB reconnected.
[2026-04-09 13:24:35] WARN: MongoDB disconnected. Attempting to reconnect...
[2026-04-09 13:24:35] INFO: MongoDB reconnected.
