[2026-06-23 13:15:19] ERROR: MongoDB connection failed: querySrv ECONNREFUSED _mongodb._tcp.cluster0.6u1nu.mongodb.net
[2026-06-23 13:16:20] INFO: MongoDB Connected: localhost
[2026-06-23 13:16:20] INFO: [demoTraffic] Scheduler started.
[2026-06-23 13:16:20] INFO: Server Running On development mode on port 5000
[2026-06-23 13:16:20] INFO: [demoTraffic] 0 already done; planned 13 future + 17 catch-up = 30/30 demo requests for Tue Jun 23 2026.
[2026-06-23 13:16:22] WARN: [demoTraffic] Skipped: no available tanker with a diesel filling record.
[2026-06-23 13:16:24] WARN: [demoTraffic] Skipped: no available tanker with a diesel filling record.
[2026-06-23 13:16:26] WARN: [demoTraffic] Skipped: no available tanker with a diesel filling record.
[2026-06-23 13:16:28] WARN: [demoTraffic] Skipped: no available tanker with a diesel filling record.
[2026-06-23 13:16:30] WARN: [demoTraffic] Skipped: no available tanker with a diesel filling record.
[2026-06-23 13:16:32] WARN: [demoTraffic] Skipped: no available tanker with a diesel filling record.
[2026-06-23 13:16:34] WARN: [demoTraffic] Skipped: no available tanker with a diesel filling record.
[2026-06-23 13:16:36] WARN: [demoTraffic] Skipped: no available tanker with a diesel filling record.
[2026-06-23 13:16:38] WARN: [demoTraffic] Skipped: no available tanker with a diesel filling record.
[2026-06-23 13:16:40] WARN: [demoTraffic] Skipped: no available tanker with a diesel filling record.
[2026-06-23 13:16:42] WARN: [demoTraffic] Skipped: no available tanker with a diesel filling record.
[2026-06-23 13:16:44] WARN: [demoTraffic] Skipped: no available tanker with a diesel filling record.
[2026-06-23 13:16:46] WARN: [demoTraffic] Skipped: no available tanker with a diesel filling record.
[2026-06-23 13:16:48] WARN: [demoTraffic] Skipped: no available tanker with a diesel filling record.
[2026-06-23 13:16:50] WARN: [demoTraffic] Skipped: no available tanker with a diesel filling record.
[2026-06-23 13:16:52] WARN: [demoTraffic] Skipped: no available tanker with a diesel filling record.
[2026-06-23 13:16:54] WARN: [demoTraffic] Skipped: no available tanker with a diesel filling record.
[2026-06-23 13:36:10] WARN: [demoTraffic] Skipped: no available tanker with a diesel filling record.
[2026-06-23 13:42:39] WARN: [demoTraffic] Skipped: no available tanker with a diesel filling record.
[2026-06-23 13:46:11] WARN: [demoTraffic] Skipped: no available tanker with a diesel filling record.
[2026-06-23 13:47:30] WARN: [demoTraffic] Skipped: no available tanker with a diesel filling record.
