[2026-04-13 17:00:02] ERROR: Uncaught Exception: listen EADDRINUSE: address already in use :::5000
[2026-04-13 17:02:38] ERROR: MongoDB connection failed: Could not connect to any servers in your MongoDB Atlas cluster. One common reason is that you're trying to access the database from an IP that isn't whitelisted. Make sure your current IP address is on your Atlas cluster's IP whitelist: https://www.mongodb.com/docs/atlas/security-whitelist/
[2026-04-13 17:07:55] ERROR: Error: Invalid mobile number or password.
Error: Invalid mobile number or password.
    at Object.login (D:\DarchTech_PVT_LLP\WaterTranker Project\watertanker-backend\src\services\auth.service.js:86:13)
    at process.processTicksAndRejections (node:internal/process/task_queues:95:5)
    at async login (D:\DarchTech_PVT_LLP\WaterTranker Project\watertanker-backend\src\controllers\auth.controller.js:21:18)
[2026-04-13 17:11:35] ERROR: Uncaught Exception: listen EADDRINUSE: address already in use :::5000
[2026-04-13 17:13:53] ERROR: Uncaught Exception: listen EADDRINUSE: address already in use :::5000
[2026-04-13 17:14:45] ERROR: Uncaught Exception: listen EADDRINUSE: address already in use :::5000
[2026-04-13 17:14:57] ERROR: Uncaught Exception: listen EADDRINUSE: address already in use :::5000
[2026-04-13 17:15:33] ERROR: Uncaught Exception: listen EADDRINUSE: address already in use :::5000
[2026-04-13 17:15:41] ERROR: Error: Mobile number is required.
Error: Mobile number is required.
    at Object.login (d:\DarchTech_PVT_LLP\WaterTranker Project\watertanker-backend\src\services\auth.service.js:81:13)
    at login (d:\DarchTech_PVT_LLP\WaterTranker Project\watertanker-backend\src\controllers\auth.controller.js:21:36)
    at newFn (d:\DarchTech_PVT_LLP\WaterTranker Project\watertanker-backend\node_modules\express-async-errors\index.js:16:20)
    at Layer.handle [as handle_request] (d:\DarchTech_PVT_LLP\WaterTranker Project\watertanker-backend\node_modules\express\lib\router\layer.js:95:5)
    at next (d:\DarchTech_PVT_LLP\WaterTranker Project\watertanker-backend\node_modules\express\lib\router\route.js:149:13)
    at validate (d:\DarchTech_PVT_LLP\WaterTranker Project\watertanker-backend\src\middlewares\validate.middleware.js:25:3)
    at newFn (d:\DarchTech_PVT_LLP\WaterTranker Project\watertanker-backend\node_modules\express-async-errors\index.js:16:20)
    at Layer.handle [as handle_request] (d:\DarchTech_PVT_LLP\WaterTranker Project\watertanker-backend\node_modules\express\lib\router\layer.js:95:5)
    at next (d:\DarchTech_PVT_LLP\WaterTranker Project\watertanker-backend\node_modules\express\lib\router\route.js:149:13)
    at middleware (d:\DarchTech_PVT_LLP\WaterTranker Project\watertanker-backend\node_modules\express-validator\lib\middlewares\check.js:16:13)
[2026-04-13 17:15:48] ERROR: Uncaught Exception: listen EADDRINUSE: address already in use :::5000
[2026-04-13 17:16:07] ERROR: Uncaught Exception: listen EADDRINUSE: address already in use :::5000
[2026-04-13 17:16:16] ERROR: Error: Invalid mobile number or password.
Error: Invalid mobile number or password.
    at Object.login (D:\DarchTech_PVT_LLP\WaterTranker Project\watertanker-backend\src\services\auth.service.js:91:13)
    at async login (D:\DarchTech_PVT_LLP\WaterTranker Project\watertanker-backend\src\controllers\auth.controller.js:21:18)
[2026-04-13 17:16:32] ERROR: Uncaught Exception: listen EADDRINUSE: address already in use :::5000
[2026-04-13 17:17:17] ERROR: Uncaught Exception: listen EADDRINUSE: address already in use :::5000
[2026-04-13 17:17:44] ERROR: Error: Invalid mobile number or password.
Error: Invalid mobile number or password.
    at Object.login (D:\DarchTech_PVT_LLP\WaterTranker Project\watertanker-backend\src\services\auth.service.js:91:13)
    at async login (D:\DarchTech_PVT_LLP\WaterTranker Project\watertanker-backend\src\controllers\auth.controller.js:21:18)
[2026-04-13 17:23:53] ERROR: Uncaught Exception: listen EADDRINUSE: address already in use :::5000
[2026-04-13 17:25:46] ERROR: Uncaught Exception: listen EADDRINUSE: address already in use :::5000
[2026-04-13 17:26:48] ERROR: Uncaught Exception: listen EADDRINUSE: address already in use :::5000
[2026-04-13 17:27:24] ERROR: Uncaught Exception: listen EADDRINUSE: address already in use :::5000
[2026-04-13 17:28:42] ERROR: Uncaught Exception: listen EADDRINUSE: address already in use :::5000
