[2026-06-21 11:20:25] ERROR: MongoDB connection failed: querySrv ECONNREFUSED _mongodb._tcp.cluster0.6u1nu.mongodb.net
[2026-06-21 11:20:50] ERROR: MongoDB connection failed: querySrv ECONNREFUSED _mongodb._tcp.cluster0.6u1nu.mongodb.net
[2026-06-21 11:22:38] ERROR: Error: An account with this mobile number already exists.
Error: An account with this mobile number already exists.
    at Object.register (C:\Users\Atharva Kumbhar\StudioProjects\watertankerfinalui\watertanker-backend\src\services\auth.service.js:32:11)
    at process.processTicksAndRejections (node:internal/process/task_queues:103:5)
    at async register (C:\Users\Atharva Kumbhar\StudioProjects\watertankerfinalui\watertanker-backend\src\controllers\auth.controller.js:8:18)
[2026-06-21 11:22:39] ERROR: Error: Invalid mobile number or password.
Error: Invalid mobile number or password.
    at Object.login (C:\Users\Atharva Kumbhar\StudioProjects\watertankerfinalui\watertanker-backend\src\services\auth.service.js:98:13)
    at async login (C:\Users\Atharva Kumbhar\StudioProjects\watertankerfinalui\watertanker-backend\src\controllers\auth.controller.js:21:18)
[2026-06-21 11:22:40] ERROR: Error: Invalid username or password.
Error: Invalid username or password.
    at Object.login (C:\Users\Atharva Kumbhar\StudioProjects\watertankerfinalui\watertanker-backend\src\services\auth.service.js:82:15)
    at async login (C:\Users\Atharva Kumbhar\StudioProjects\watertankerfinalui\watertanker-backend\src\controllers\auth.controller.js:21:18)
[2026-06-21 11:22:40] ERROR: Error: Invalid mobile number or password.
Error: Invalid mobile number or password.
    at Object.login (C:\Users\Atharva Kumbhar\StudioProjects\watertankerfinalui\watertanker-backend\src\services\auth.service.js:93:13)
    at process.processTicksAndRejections (node:internal/process/task_queues:103:5)
    at async login (C:\Users\Atharva Kumbhar\StudioProjects\watertankerfinalui\watertanker-backend\src\controllers\auth.controller.js:21:18)
[2026-06-21 11:22:40] ERROR: Error: Invalid mobile number or password.
Error: Invalid mobile number or password.
    at Object.login (C:\Users\Atharva Kumbhar\StudioProjects\watertankerfinalui\watertanker-backend\src\services\auth.service.js:93:13)
    at process.processTicksAndRejections (node:internal/process/task_queues:103:5)
    at async login (C:\Users\Atharva Kumbhar\StudioProjects\watertankerfinalui\watertanker-backend\src\controllers\auth.controller.js:21:18)
[2026-06-21 11:22:40] ERROR: Error: Request not found or cannot be cancelled.
Error: Request not found or cannot be cancelled.
    at Object.cancelRequest (C:\Users\Atharva Kumbhar\StudioProjects\watertankerfinalui\watertanker-backend\src\services\request.service.js:68:23)
    at process.processTicksAndRejections (node:internal/process/task_queues:103:5)
    at async cancelRequest (C:\Users\Atharva Kumbhar\StudioProjects\watertankerfinalui\watertanker-backend\src\controllers\request.controller.js:81:19)
[2026-06-21 11:24:00] ERROR: Error: An account with this mobile number already exists.
Error: An account with this mobile number already exists.
    at Object.register (C:\Users\Atharva Kumbhar\StudioProjects\watertankerfinalui\watertanker-backend\src\services\auth.service.js:32:11)
    at process.processTicksAndRejections (node:internal/process/task_queues:103:5)
    at async register (C:\Users\Atharva Kumbhar\StudioProjects\watertankerfinalui\watertanker-backend\src\controllers\auth.controller.js:8:18)
[2026-06-21 11:24:01] ERROR: Error: Invalid mobile number or password.
Error: Invalid mobile number or password.
    at Object.login (C:\Users\Atharva Kumbhar\StudioProjects\watertankerfinalui\watertanker-backend\src\services\auth.service.js:98:13)
    at async login (C:\Users\Atharva Kumbhar\StudioProjects\watertankerfinalui\watertanker-backend\src\controllers\auth.controller.js:21:18)
[2026-06-21 11:24:02] ERROR: Error: Invalid username or password.
Error: Invalid username or password.
    at Object.login (C:\Users\Atharva Kumbhar\StudioProjects\watertankerfinalui\watertanker-backend\src\services\auth.service.js:82:15)
    at async login (C:\Users\Atharva Kumbhar\StudioProjects\watertankerfinalui\watertanker-backend\src\controllers\auth.controller.js:21:18)
[2026-06-21 11:24:03] ERROR: Error: Invalid username or password.
Error: Invalid username or password.
    at Object.login (C:\Users\Atharva Kumbhar\StudioProjects\watertankerfinalui\watertanker-backend\src\services\auth.service.js:82:15)
    at async login (C:\Users\Atharva Kumbhar\StudioProjects\watertankerfinalui\watertanker-backend\src\controllers\auth.controller.js:21:18)
[2026-06-21 11:24:03] ERROR: Error: Invalid mobile number or password.
Error: Invalid mobile number or password.
    at Object.login (C:\Users\Atharva Kumbhar\StudioProjects\watertankerfinalui\watertanker-backend\src\services\auth.service.js:93:13)
    at process.processTicksAndRejections (node:internal/process/task_queues:103:5)
    at async login (C:\Users\Atharva Kumbhar\StudioProjects\watertankerfinalui\watertanker-backend\src\controllers\auth.controller.js:21:18)
[2026-06-21 11:24:03] ERROR: Error: Invalid mobile number or password.
Error: Invalid mobile number or password.
    at Object.login (C:\Users\Atharva Kumbhar\StudioProjects\watertankerfinalui\watertanker-backend\src\services\auth.service.js:93:13)
    at process.processTicksAndRejections (node:internal/process/task_queues:103:5)
    at async login (C:\Users\Atharva Kumbhar\StudioProjects\watertankerfinalui\watertanker-backend\src\controllers\auth.controller.js:21:18)
[2026-06-21 11:24:03] ERROR: Error: Invalid mobile number or password.
Error: Invalid mobile number or password.
    at Object.login (C:\Users\Atharva Kumbhar\StudioProjects\watertankerfinalui\watertanker-backend\src\services\auth.service.js:93:13)
    at process.processTicksAndRejections (node:internal/process/task_queues:103:5)
    at async login (C:\Users\Atharva Kumbhar\StudioProjects\watertankerfinalui\watertanker-backend\src\controllers\auth.controller.js:21:18)
[2026-06-21 11:24:03] ERROR: Error: Invalid mobile number or password.
Error: Invalid mobile number or password.
    at Object.login (C:\Users\Atharva Kumbhar\StudioProjects\watertankerfinalui\watertanker-backend\src\services\auth.service.js:93:13)
    at process.processTicksAndRejections (node:internal/process/task_queues:103:5)
    at async login (C:\Users\Atharva Kumbhar\StudioProjects\watertankerfinalui\watertanker-backend\src\controllers\auth.controller.js:21:18)
[2026-06-21 11:24:03] ERROR: Error: Request not found or cannot be cancelled.
Error: Request not found or cannot be cancelled.
    at Object.cancelRequest (C:\Users\Atharva Kumbhar\StudioProjects\watertankerfinalui\watertanker-backend\src\services\request.service.js:68:23)
    at process.processTicksAndRejections (node:internal/process/task_queues:103:5)
    at async cancelRequest (C:\Users\Atharva Kumbhar\StudioProjects\watertankerfinalui\watertanker-backend\src\controllers\request.controller.js:81:19)
[2026-06-21 11:24:40] ERROR: Error: An account with this mobile number already exists.
Error: An account with this mobile number already exists.
    at Object.register (C:\Users\Atharva Kumbhar\StudioProjects\watertankerfinalui\watertanker-backend\src\services\auth.service.js:32:11)
    at process.processTicksAndRejections (node:internal/process/task_queues:103:5)
    at async register (C:\Users\Atharva Kumbhar\StudioProjects\watertankerfinalui\watertanker-backend\src\controllers\auth.controller.js:8:18)
[2026-06-21 11:24:41] ERROR: Error: Invalid mobile number or password.
Error: Invalid mobile number or password.
    at Object.login (C:\Users\Atharva Kumbhar\StudioProjects\watertankerfinalui\watertanker-backend\src\services\auth.service.js:98:13)
    at async login (C:\Users\Atharva Kumbhar\StudioProjects\watertankerfinalui\watertanker-backend\src\controllers\auth.controller.js:21:18)
[2026-06-21 11:24:43] ERROR: MongoServerError: E11000 duplicate key error collection: wmstest.drivers index: mobileNumber_1 dup key: { mobileNumber: "8278863001" }
MongoServerError: E11000 duplicate key error collection: wmstest.drivers index: mobileNumber_1 dup key: { mobileNumber: "8278863001" }
    at InsertOneOperation.handleOk (C:\Users\Atharva Kumbhar\StudioProjects\watertankerfinalui\watertanker-backend\node_modules\mongodb\lib\operations\insert.js:51:19)
    at tryOperation (C:\Users\Atharva Kumbhar\StudioProjects\watertankerfinalui\watertanker-backend\node_modules\mongodb\lib\operations\execute_operation.js:214:34)
    at process.processTicksAndRejections (node:internal/process/task_queues:103:5)
    at async executeOperation (C:\Users\Atharva Kumbhar\StudioProjects\watertankerfinalui\watertanker-backend\node_modules\mongodb\lib\operations\execute_operation.js:78:16)
    at async Collection.insertOne (C:\Users\Atharva Kumbhar\StudioProjects\watertankerfinalui\watertanker-backend\node_modules\mongodb\lib\collection.js:154:16)
[2026-06-21 11:24:44] ERROR: Error: Driver not found
Error: Driver not found
    at Object.getDriverById (C:\Users\Atharva Kumbhar\StudioProjects\watertankerfinalui\watertanker-backend\src\services\driver.service.js:48:22)
    at process.processTicksAndRejections (node:internal/process/task_queues:103:5)
    at async getDriverById (C:\Users\Atharva Kumbhar\StudioProjects\watertankerfinalui\watertanker-backend\src\controllers\driver.controller.js:71:20)
[2026-06-21 11:24:44] ERROR: Error: Tanker number already exists.
Error: Tanker number already exists.
    at Object.addTanker (C:\Users\Atharva Kumbhar\StudioProjects\watertankerfinalui\watertanker-backend\src\services\tanker.service.js:8:23)
    at process.processTicksAndRejections (node:internal/process/task_queues:103:5)
    at async addTanker (C:\Users\Atharva Kumbhar\StudioProjects\watertankerfinalui\watertanker-backend\src\controllers\tanker.controller.js:8:20)
[2026-06-21 11:24:44] ERROR: Error: This entry is already marked as wrong
Error: This entry is already marked as wrong
    at Object.markAsWrongEntry (C:\Users\Atharva Kumbhar\StudioProjects\watertankerfinalui\watertanker-backend\src\services\dieselFilling.service.js:389:11)
    at process.processTicksAndRejections (node:internal/process/task_queues:103:5)
    at async markAsWrongEntry (C:\Users\Atharva Kumbhar\StudioProjects\watertankerfinalui\watertanker-backend\src\controllers\dieselFilling.controller.js:192:28)
[2026-06-21 11:24:45] ERROR: Error: Tanker TST27886303 has no diesel filling record. Ask the Fuel Manager to record a filling before assigning this tanker.
Error: Tanker TST27886303 has no diesel filling record. Ask the Fuel Manager to record a filling before assigning this tanker.
    at Object.assignTanker (C:\Users\Atharva Kumbhar\StudioProjects\watertankerfinalui\watertanker-backend\src\services\queue.service.js:99:11)
    at process.processTicksAndRejections (node:internal/process/task_queues:103:5)
    at async assignTanker (C:\Users\Atharva Kumbhar\StudioProjects\watertankerfinalui\watertanker-backend\src\controllers\queue.controller.js:35:19)
[2026-06-21 11:24:45] ERROR: Error: Driver E2E Blocked Driver is blocked and cannot be assigned.
Error: Driver E2E Blocked Driver is blocked and cannot be assigned.
    at Object.assignTanker (C:\Users\Atharva Kumbhar\StudioProjects\watertankerfinalui\watertanker-backend\src\services\queue.service.js:113:11)
    at process.processTicksAndRejections (node:internal/process/task_queues:103:5)
    at async assignTanker (C:\Users\Atharva Kumbhar\StudioProjects\watertankerfinalui\watertanker-backend\src\controllers\queue.controller.js:35:19)
[2026-06-21 11:24:45] ERROR: Error: Tanker TST27886301 is currently on a trip and cannot be assigned.
Error: Tanker TST27886301 is currently on a trip and cannot be assigned.
    at Object.assignTanker (C:\Users\Atharva Kumbhar\StudioProjects\watertankerfinalui\watertanker-backend\src\services\queue.service.js:90:11)
    at process.processTicksAndRejections (node:internal/process/task_queues:103:5)
    at async assignTanker (C:\Users\Atharva Kumbhar\StudioProjects\watertankerfinalui\watertanker-backend\src\controllers\queue.controller.js:35:19)
[2026-06-21 11:24:45] ERROR: Error: Assign a tanker first before setting source and destination.
Error: Assign a tanker first before setting source and destination.
    at Object.assignSourceDestination (C:\Users\Atharva Kumbhar\StudioProjects\watertankerfinalui\watertanker-backend\src\services\queue.service.js:258:11)
    at process.processTicksAndRejections (node:internal/process/task_queues:103:5)
    at async assignSourceDestination (C:\Users\Atharva Kumbhar\StudioProjects\watertankerfinalui\watertanker-backend\src\controllers\queue.controller.js:70:19)
[2026-06-21 11:24:45] ERROR: Error: Cannot complete: source and destination must be set first.
Error: Cannot complete: source and destination must be set first.
    at Object.completeRequest (C:\Users\Atharva Kumbhar\StudioProjects\watertankerfinalui\watertanker-backend\src\services\queue.service.js:290:11)
    at process.processTicksAndRejections (node:internal/process/task_queues:103:5)
    at async completeRequest (C:\Users\Atharva Kumbhar\StudioProjects\watertankerfinalui\watertanker-backend\src\controllers\queue.controller.js:86:21)
[2026-06-21 11:24:46] ERROR: Error: Tanker TST27886301 is currently on a trip and cannot be assigned.
Error: Tanker TST27886301 is currently on a trip and cannot be assigned.
    at Object.handoverTanker (C:\Users\Atharva Kumbhar\StudioProjects\watertankerfinalui\watertanker-backend\src\services\queue.service.js:175:11)
    at process.processTicksAndRejections (node:internal/process/task_queues:103:5)
    at async handoverTanker (C:\Users\Atharva Kumbhar\StudioProjects\watertankerfinalui\watertanker-backend\src\controllers\queue.controller.js:52:19)
[2026-06-21 11:24:46] ERROR: Error: Request not found or cannot be cancelled.
Error: Request not found or cannot be cancelled.
    at Object.cancelRequest (C:\Users\Atharva Kumbhar\StudioProjects\watertankerfinalui\watertanker-backend\src\services\request.service.js:68:23)
    at process.processTicksAndRejections (node:internal/process/task_queues:103:5)
    at async cancelRequest (C:\Users\Atharva Kumbhar\StudioProjects\watertankerfinalui\watertanker-backend\src\controllers\request.controller.js:81:19)
[2026-06-21 11:24:46] ERROR: Error: Tanker TST27886301 is currently on a trip and cannot be assigned.
Error: Tanker TST27886301 is currently on a trip and cannot be assigned.
    at Object.assignTanker (C:\Users\Atharva Kumbhar\StudioProjects\watertankerfinalui\watertanker-backend\src\services\queue.service.js:90:11)
    at process.processTicksAndRejections (node:internal/process/task_queues:103:5)
    at async assignTanker (C:\Users\Atharva Kumbhar\StudioProjects\watertankerfinalui\watertanker-backend\src\controllers\queue.controller.js:35:19)
[2026-06-21 11:24:46] ERROR: CastError: Cast to ObjectId failed for value "not-a-valid-id" (type string) at path "_id" for model "Request"
CastError: Cast to ObjectId failed for value "not-a-valid-id" (type string) at path "_id" for model "Request"
    at SchemaObjectId.cast (C:\Users\Atharva Kumbhar\StudioProjects\watertankerfinalui\watertanker-backend\node_modules\mongoose\lib\schema\objectId.js:253:11)
    at SchemaType.applySetters (C:\Users\Atharva Kumbhar\StudioProjects\watertankerfinalui\watertanker-backend\node_modules\mongoose\lib\schemaType.js:1288:12)
    at SchemaType.castForQuery (C:\Users\Atharva Kumbhar\StudioProjects\watertankerfinalui\watertanker-backend\node_modules\mongoose\lib\schemaType.js:1724:17)
    at cast (C:\Users\Atharva Kumbhar\StudioProjects\watertankerfinalui\watertanker-backend\node_modules\mongoose\lib\cast.js:390:32)
    at Query.cast (C:\Users\Atharva Kumbhar\StudioProjects\watertankerfinalui\watertanker-backend\node_modules\mongoose\lib\query.js:5060:12)
    at Query._castConditions (C:\Users\Atharva Kumbhar\StudioProjects\watertankerfinalui\watertanker-backend\node_modules\mongoose\lib\query.js:2374:10)
    at model.Query._findOne (C:\Users\Atharva Kumbhar\StudioProjects\watertankerfinalui\watertanker-backend\node_modules\mongoose\lib\query.js:2697:8)
    at model.Query.exec (C:\Users\Atharva Kumbhar\StudioProjects\watertankerfinalui\watertanker-backend\node_modules\mongoose\lib\query.js:4627:80)
    at process.processTicksAndRejections (node:internal/process/task_queues:103:5)
    at async Object.getRequestById (C:\Users\Atharva Kumbhar\StudioProjects\watertankerfinalui\watertanker-backend\src\services\request.service.js:44:19)
[2026-06-21 11:24:46] ERROR: Error: Tanker TST27886301 is currently on a trip and cannot be assigned.
Error: Tanker TST27886301 is currently on a trip and cannot be assigned.
    at Object.assignTanker (C:\Users\Atharva Kumbhar\StudioProjects\watertankerfinalui\watertanker-backend\src\services\queue.service.js:90:11)
    at process.processTicksAndRejections (node:internal/process/task_queues:103:5)
    at async assignTanker (C:\Users\Atharva Kumbhar\StudioProjects\watertankerfinalui\watertanker-backend\src\controllers\queue.controller.js:35:19)
[2026-06-21 11:24:46] ERROR: Error: Driver E2E Driver Two is currently on a trip and cannot be assigned.
Error: Driver E2E Driver Two is currently on a trip and cannot be assigned.
    at Object.assignTanker (C:\Users\Atharva Kumbhar\StudioProjects\watertankerfinalui\watertanker-backend\src\services\queue.service.js:118:11)
    at process.processTicksAndRejections (node:internal/process/task_queues:103:5)
    at async assignTanker (C:\Users\Atharva Kumbhar\StudioProjects\watertankerfinalui\watertanker-backend\src\controllers\queue.controller.js:35:19)
[2026-06-21 11:24:46] ERROR: Error: Driver E2E Driver One is currently on a trip and cannot be assigned.
Error: Driver E2E Driver One is currently on a trip and cannot be assigned.
    at Object.assignTanker (C:\Users\Atharva Kumbhar\StudioProjects\watertankerfinalui\watertanker-backend\src\services\queue.service.js:118:11)
    at process.processTicksAndRejections (node:internal/process/task_queues:103:5)
    at async assignTanker (C:\Users\Atharva Kumbhar\StudioProjects\watertankerfinalui\watertanker-backend\src\controllers\queue.controller.js:35:19)
[2026-06-21 11:26:30] ERROR: Error: An account with this mobile number already exists.
Error: An account with this mobile number already exists.
    at Object.register (C:\Users\Atharva Kumbhar\StudioProjects\watertankerfinalui\watertanker-backend\src\services\auth.service.js:32:11)
    at process.processTicksAndRejections (node:internal/process/task_queues:103:5)
    at async register (C:\Users\Atharva Kumbhar\StudioProjects\watertankerfinalui\watertanker-backend\src\controllers\auth.controller.js:8:18)
[2026-06-21 11:26:31] ERROR: Error: Invalid mobile number or password.
Error: Invalid mobile number or password.
    at Object.login (C:\Users\Atharva Kumbhar\StudioProjects\watertankerfinalui\watertanker-backend\src\services\auth.service.js:98:13)
    at async login (C:\Users\Atharva Kumbhar\StudioProjects\watertankerfinalui\watertanker-backend\src\controllers\auth.controller.js:21:18)
[2026-06-21 11:26:34] ERROR: MongoServerError: E11000 duplicate key error collection: wmstest.drivers index: mobileNumber_1 dup key: { mobileNumber: "8388782001" }
MongoServerError: E11000 duplicate key error collection: wmstest.drivers index: mobileNumber_1 dup key: { mobileNumber: "8388782001" }
    at InsertOneOperation.handleOk (C:\Users\Atharva Kumbhar\StudioProjects\watertankerfinalui\watertanker-backend\node_modules\mongodb\lib\operations\insert.js:51:19)
    at tryOperation (C:\Users\Atharva Kumbhar\StudioProjects\watertankerfinalui\watertanker-backend\node_modules\mongodb\lib\operations\execute_operation.js:214:34)
    at process.processTicksAndRejections (node:internal/process/task_queues:103:5)
    at async executeOperation (C:\Users\Atharva Kumbhar\StudioProjects\watertankerfinalui\watertanker-backend\node_modules\mongodb\lib\operations\execute_operation.js:78:16)
    at async Collection.insertOne (C:\Users\Atharva Kumbhar\StudioProjects\watertankerfinalui\watertanker-backend\node_modules\mongodb\lib\collection.js:154:16)
[2026-06-21 11:26:34] ERROR: Error: Driver not found
Error: Driver not found
    at Object.getDriverById (C:\Users\Atharva Kumbhar\StudioProjects\watertankerfinalui\watertanker-backend\src\services\driver.service.js:48:22)
    at process.processTicksAndRejections (node:internal/process/task_queues:103:5)
    at async getDriverById (C:\Users\Atharva Kumbhar\StudioProjects\watertankerfinalui\watertanker-backend\src\controllers\driver.controller.js:71:20)
[2026-06-21 11:26:34] ERROR: Error: Tanker number already exists.
Error: Tanker number already exists.
    at Object.addTanker (C:\Users\Atharva Kumbhar\StudioProjects\watertankerfinalui\watertanker-backend\src\services\tanker.service.js:8:23)
    at process.processTicksAndRejections (node:internal/process/task_queues:103:5)
    at async addTanker (C:\Users\Atharva Kumbhar\StudioProjects\watertankerfinalui\watertanker-backend\src\controllers\tanker.controller.js:8:20)
[2026-06-21 11:26:34] ERROR: Error: This entry is already marked as wrong
Error: This entry is already marked as wrong
    at Object.markAsWrongEntry (C:\Users\Atharva Kumbhar\StudioProjects\watertankerfinalui\watertanker-backend\src\services\dieselFilling.service.js:389:11)
    at process.processTicksAndRejections (node:internal/process/task_queues:103:5)
    at async markAsWrongEntry (C:\Users\Atharva Kumbhar\StudioProjects\watertankerfinalui\watertanker-backend\src\controllers\dieselFilling.controller.js:192:28)
[2026-06-21 11:26:35] ERROR: Error: Tanker TST38878203 has no diesel filling record. Ask the Fuel Manager to record a filling before assigning this tanker.
Error: Tanker TST38878203 has no diesel filling record. Ask the Fuel Manager to record a filling before assigning this tanker.
    at Object.assignTanker (C:\Users\Atharva Kumbhar\StudioProjects\watertankerfinalui\watertanker-backend\src\services\queue.service.js:99:11)
    at process.processTicksAndRejections (node:internal/process/task_queues:103:5)
    at async assignTanker (C:\Users\Atharva Kumbhar\StudioProjects\watertankerfinalui\watertanker-backend\src\controllers\queue.controller.js:35:19)
[2026-06-21 11:26:35] ERROR: Error: Driver E2E Blocked Driver is blocked and cannot be assigned.
Error: Driver E2E Blocked Driver is blocked and cannot be assigned.
    at Object.assignTanker (C:\Users\Atharva Kumbhar\StudioProjects\watertankerfinalui\watertanker-backend\src\services\queue.service.js:113:11)
    at process.processTicksAndRejections (node:internal/process/task_queues:103:5)
    at async assignTanker (C:\Users\Atharva Kumbhar\StudioProjects\watertankerfinalui\watertanker-backend\src\controllers\queue.controller.js:35:19)
[2026-06-21 11:26:35] ERROR: Error: Tanker TST38878201 is currently on a trip and cannot be assigned.
Error: Tanker TST38878201 is currently on a trip and cannot be assigned.
    at Object.assignTanker (C:\Users\Atharva Kumbhar\StudioProjects\watertankerfinalui\watertanker-backend\src\services\queue.service.js:90:11)
    at process.processTicksAndRejections (node:internal/process/task_queues:103:5)
    at async assignTanker (C:\Users\Atharva Kumbhar\StudioProjects\watertankerfinalui\watertanker-backend\src\controllers\queue.controller.js:35:19)
[2026-06-21 11:26:35] ERROR: Error: Assign a tanker first before setting source and destination.
Error: Assign a tanker first before setting source and destination.
    at Object.assignSourceDestination (C:\Users\Atharva Kumbhar\StudioProjects\watertankerfinalui\watertanker-backend\src\services\queue.service.js:258:11)
    at process.processTicksAndRejections (node:internal/process/task_queues:103:5)
    at async assignSourceDestination (C:\Users\Atharva Kumbhar\StudioProjects\watertankerfinalui\watertanker-backend\src\controllers\queue.controller.js:70:19)
[2026-06-21 11:26:35] ERROR: Error: Cannot complete: source and destination must be set first.
Error: Cannot complete: source and destination must be set first.
    at Object.completeRequest (C:\Users\Atharva Kumbhar\StudioProjects\watertankerfinalui\watertanker-backend\src\services\queue.service.js:290:11)
    at process.processTicksAndRejections (node:internal/process/task_queues:103:5)
    at async completeRequest (C:\Users\Atharva Kumbhar\StudioProjects\watertankerfinalui\watertanker-backend\src\controllers\queue.controller.js:86:21)
[2026-06-21 11:26:36] ERROR: Error: Request not found or cannot be cancelled.
Error: Request not found or cannot be cancelled.
    at Object.cancelRequest (C:\Users\Atharva Kumbhar\StudioProjects\watertankerfinalui\watertanker-backend\src\services\request.service.js:68:23)
    at process.processTicksAndRejections (node:internal/process/task_queues:103:5)
    at async cancelRequest (C:\Users\Atharva Kumbhar\StudioProjects\watertankerfinalui\watertanker-backend\src\controllers\request.controller.js:81:19)
[2026-06-21 11:26:37] ERROR: CastError: Cast to ObjectId failed for value "not-a-valid-id" (type string) at path "_id" for model "Request"
CastError: Cast to ObjectId failed for value "not-a-valid-id" (type string) at path "_id" for model "Request"
    at SchemaObjectId.cast (C:\Users\Atharva Kumbhar\StudioProjects\watertankerfinalui\watertanker-backend\node_modules\mongoose\lib\schema\objectId.js:253:11)
    at SchemaType.applySetters (C:\Users\Atharva Kumbhar\StudioProjects\watertankerfinalui\watertanker-backend\node_modules\mongoose\lib\schemaType.js:1288:12)
    at SchemaType.castForQuery (C:\Users\Atharva Kumbhar\StudioProjects\watertankerfinalui\watertanker-backend\node_modules\mongoose\lib\schemaType.js:1724:17)
    at cast (C:\Users\Atharva Kumbhar\StudioProjects\watertankerfinalui\watertanker-backend\node_modules\mongoose\lib\cast.js:390:32)
    at Query.cast (C:\Users\Atharva Kumbhar\StudioProjects\watertankerfinalui\watertanker-backend\node_modules\mongoose\lib\query.js:5060:12)
    at Query._castConditions (C:\Users\Atharva Kumbhar\StudioProjects\watertankerfinalui\watertanker-backend\node_modules\mongoose\lib\query.js:2374:10)
    at model.Query._findOne (C:\Users\Atharva Kumbhar\StudioProjects\watertankerfinalui\watertanker-backend\node_modules\mongoose\lib\query.js:2697:8)
    at model.Query.exec (C:\Users\Atharva Kumbhar\StudioProjects\watertankerfinalui\watertanker-backend\node_modules\mongoose\lib\query.js:4627:80)
    at process.processTicksAndRejections (node:internal/process/task_queues:103:5)
    at async Object.getRequestById (C:\Users\Atharva Kumbhar\StudioProjects\watertankerfinalui\watertanker-backend\src\services\request.service.js:44:19)
[2026-06-21 11:26:37] ERROR: Error: Tanker TST38878201 is currently on a trip and cannot be assigned.
Error: Tanker TST38878201 is currently on a trip and cannot be assigned.
    at Object.assignTanker (C:\Users\Atharva Kumbhar\StudioProjects\watertankerfinalui\watertanker-backend\src\services\queue.service.js:90:11)
    at process.processTicksAndRejections (node:internal/process/task_queues:103:5)
    at async assignTanker (C:\Users\Atharva Kumbhar\StudioProjects\watertankerfinalui\watertanker-backend\src\controllers\queue.controller.js:35:19)
[2026-06-21 11:26:37] ERROR: Error: Driver E2E Driver Two is currently on a trip and cannot be assigned.
Error: Driver E2E Driver Two is currently on a trip and cannot be assigned.
    at Object.assignTanker (C:\Users\Atharva Kumbhar\StudioProjects\watertankerfinalui\watertanker-backend\src\services\queue.service.js:118:11)
    at process.processTicksAndRejections (node:internal/process/task_queues:103:5)
    at async assignTanker (C:\Users\Atharva Kumbhar\StudioProjects\watertankerfinalui\watertanker-backend\src\controllers\queue.controller.js:35:19)
[2026-06-21 11:49:09] ERROR: Error: An account with this mobile number already exists.
Error: An account with this mobile number already exists.
    at Object.register (C:\Users\Atharva Kumbhar\StudioProjects\watertankerfinalui\watertanker-backend\src\services\auth.service.js:32:11)
    at process.processTicksAndRejections (node:internal/process/task_queues:103:5)
    at async register (C:\Users\Atharva Kumbhar\StudioProjects\watertankerfinalui\watertanker-backend\src\controllers\auth.controller.js:8:18)
[2026-06-21 11:49:10] ERROR: Error: Invalid mobile number or password.
Error: Invalid mobile number or password.
    at Object.login (C:\Users\Atharva Kumbhar\StudioProjects\watertankerfinalui\watertanker-backend\src\services\auth.service.js:98:13)
    at async login (C:\Users\Atharva Kumbhar\StudioProjects\watertankerfinalui\watertanker-backend\src\controllers\auth.controller.js:21:18)
[2026-06-21 11:49:13] ERROR: MongoServerError: E11000 duplicate key error collection: wmstest.drivers index: mobileNumber_1 dup key: { mobileNumber: "8747672001" }
MongoServerError: E11000 duplicate key error collection: wmstest.drivers index: mobileNumber_1 dup key: { mobileNumber: "8747672001" }
    at InsertOneOperation.handleOk (C:\Users\Atharva Kumbhar\StudioProjects\watertankerfinalui\watertanker-backend\node_modules\mongodb\lib\operations\insert.js:51:19)
    at tryOperation (C:\Users\Atharva Kumbhar\StudioProjects\watertankerfinalui\watertanker-backend\node_modules\mongodb\lib\operations\execute_operation.js:214:34)
    at process.processTicksAndRejections (node:internal/process/task_queues:103:5)
    at async executeOperation (C:\Users\Atharva Kumbhar\StudioProjects\watertankerfinalui\watertanker-backend\node_modules\mongodb\lib\operations\execute_operation.js:78:16)
    at async Collection.insertOne (C:\Users\Atharva Kumbhar\StudioProjects\watertankerfinalui\watertanker-backend\node_modules\mongodb\lib\collection.js:154:16)
[2026-06-21 11:49:13] ERROR: Error: Driver not found
Error: Driver not found
    at Object.getDriverById (C:\Users\Atharva Kumbhar\StudioProjects\watertankerfinalui\watertanker-backend\src\services\driver.service.js:48:22)
    at process.processTicksAndRejections (node:internal/process/task_queues:103:5)
    at async getDriverById (C:\Users\Atharva Kumbhar\StudioProjects\watertankerfinalui\watertanker-backend\src\controllers\driver.controller.js:71:20)
[2026-06-21 11:49:13] ERROR: Error: Tanker number already exists.
Error: Tanker number already exists.
    at Object.addTanker (C:\Users\Atharva Kumbhar\StudioProjects\watertankerfinalui\watertanker-backend\src\services\tanker.service.js:8:23)
    at process.processTicksAndRejections (node:internal/process/task_queues:103:5)
    at async addTanker (C:\Users\Atharva Kumbhar\StudioProjects\watertankerfinalui\watertanker-backend\src\controllers\tanker.controller.js:8:20)
[2026-06-21 11:49:14] ERROR: Error: This entry is already marked as wrong
Error: This entry is already marked as wrong
    at Object.markAsWrongEntry (C:\Users\Atharva Kumbhar\StudioProjects\watertankerfinalui\watertanker-backend\src\services\dieselFilling.service.js:389:11)
    at process.processTicksAndRejections (node:internal/process/task_queues:103:5)
    at async markAsWrongEntry (C:\Users\Atharva Kumbhar\StudioProjects\watertankerfinalui\watertanker-backend\src\controllers\dieselFilling.controller.js:192:28)
[2026-06-21 11:49:14] ERROR: Error: Tanker TST74767203 has no diesel filling record. Ask the Fuel Manager to record a filling before assigning this tanker.
Error: Tanker TST74767203 has no diesel filling record. Ask the Fuel Manager to record a filling before assigning this tanker.
    at Object.assignTanker (C:\Users\Atharva Kumbhar\StudioProjects\watertankerfinalui\watertanker-backend\src\services\queue.service.js:127:11)
    at process.processTicksAndRejections (node:internal/process/task_queues:103:5)
    at async assignTanker (C:\Users\Atharva Kumbhar\StudioProjects\watertankerfinalui\watertanker-backend\src\controllers\queue.controller.js:35:19)
[2026-06-21 11:49:14] ERROR: Error: Driver E2E Blocked Driver is blocked and cannot be assigned.
Error: Driver E2E Blocked Driver is blocked and cannot be assigned.
    at Object.assignTanker (C:\Users\Atharva Kumbhar\StudioProjects\watertankerfinalui\watertanker-backend\src\services\queue.service.js:141:11)
    at process.processTicksAndRejections (node:internal/process/task_queues:103:5)
    at async assignTanker (C:\Users\Atharva Kumbhar\StudioProjects\watertankerfinalui\watertanker-backend\src\controllers\queue.controller.js:35:19)
[2026-06-21 11:49:14] ERROR: Error: Tanker TST74767201 is currently on a trip and cannot be assigned.
Error: Tanker TST74767201 is currently on a trip and cannot be assigned.
    at Object.assignTanker (C:\Users\Atharva Kumbhar\StudioProjects\watertankerfinalui\watertanker-backend\src\services\queue.service.js:118:11)
    at process.processTicksAndRejections (node:internal/process/task_queues:103:5)
    at async assignTanker (C:\Users\Atharva Kumbhar\StudioProjects\watertankerfinalui\watertanker-backend\src\controllers\queue.controller.js:35:19)
[2026-06-21 11:49:14] ERROR: Error: Assign a tanker first before setting source and destination.
Error: Assign a tanker first before setting source and destination.
    at Object.assignSourceDestination (C:\Users\Atharva Kumbhar\StudioProjects\watertankerfinalui\watertanker-backend\src\services\queue.service.js:286:11)
    at process.processTicksAndRejections (node:internal/process/task_queues:103:5)
    at async assignSourceDestination (C:\Users\Atharva Kumbhar\StudioProjects\watertankerfinalui\watertanker-backend\src\controllers\queue.controller.js:70:19)
[2026-06-21 11:49:15] ERROR: Error: Cannot complete: source and destination must be set first.
Error: Cannot complete: source and destination must be set first.
    at Object.completeRequest (C:\Users\Atharva Kumbhar\StudioProjects\watertankerfinalui\watertanker-backend\src\services\queue.service.js:318:11)
    at process.processTicksAndRejections (node:internal/process/task_queues:103:5)
    at async completeRequest (C:\Users\Atharva Kumbhar\StudioProjects\watertankerfinalui\watertanker-backend\src\controllers\queue.controller.js:86:21)
[2026-06-21 11:49:16] ERROR: Error: Request not found or cannot be cancelled.
Error: Request not found or cannot be cancelled.
    at Object.cancelRequest (C:\Users\Atharva Kumbhar\StudioProjects\watertankerfinalui\watertanker-backend\src\services\request.service.js:68:23)
    at process.processTicksAndRejections (node:internal/process/task_queues:103:5)
    at async cancelRequest (C:\Users\Atharva Kumbhar\StudioProjects\watertankerfinalui\watertanker-backend\src\controllers\request.controller.js:81:19)
[2026-06-21 11:49:16] ERROR: CastError: Cast to ObjectId failed for value "not-a-valid-id" (type string) at path "_id" for model "Request"
CastError: Cast to ObjectId failed for value "not-a-valid-id" (type string) at path "_id" for model "Request"
    at SchemaObjectId.cast (C:\Users\Atharva Kumbhar\StudioProjects\watertankerfinalui\watertanker-backend\node_modules\mongoose\lib\schema\objectId.js:253:11)
    at SchemaType.applySetters (C:\Users\Atharva Kumbhar\StudioProjects\watertankerfinalui\watertanker-backend\node_modules\mongoose\lib\schemaType.js:1288:12)
    at SchemaType.castForQuery (C:\Users\Atharva Kumbhar\StudioProjects\watertankerfinalui\watertanker-backend\node_modules\mongoose\lib\schemaType.js:1724:17)
    at cast (C:\Users\Atharva Kumbhar\StudioProjects\watertankerfinalui\watertanker-backend\node_modules\mongoose\lib\cast.js:390:32)
    at Query.cast (C:\Users\Atharva Kumbhar\StudioProjects\watertankerfinalui\watertanker-backend\node_modules\mongoose\lib\query.js:5060:12)
    at Query._castConditions (C:\Users\Atharva Kumbhar\StudioProjects\watertankerfinalui\watertanker-backend\node_modules\mongoose\lib\query.js:2374:10)
    at model.Query._findOne (C:\Users\Atharva Kumbhar\StudioProjects\watertankerfinalui\watertanker-backend\node_modules\mongoose\lib\query.js:2697:8)
    at model.Query.exec (C:\Users\Atharva Kumbhar\StudioProjects\watertankerfinalui\watertanker-backend\node_modules\mongoose\lib\query.js:4627:80)
    at process.processTicksAndRejections (node:internal/process/task_queues:103:5)
    at async Object.getRequestById (C:\Users\Atharva Kumbhar\StudioProjects\watertankerfinalui\watertanker-backend\src\services\request.service.js:44:19)
[2026-06-21 11:49:16] ERROR: Error: Tanker TST74767201 is currently on a trip and cannot be assigned.
Error: Tanker TST74767201 is currently on a trip and cannot be assigned.
    at Object.assignTanker (C:\Users\Atharva Kumbhar\StudioProjects\watertankerfinalui\watertanker-backend\src\services\queue.service.js:118:11)
    at process.processTicksAndRejections (node:internal/process/task_queues:103:5)
    at async assignTanker (C:\Users\Atharva Kumbhar\StudioProjects\watertankerfinalui\watertanker-backend\src\controllers\queue.controller.js:35:19)
[2026-06-21 11:49:16] ERROR: Error: Driver E2E Driver Two is currently on a trip and cannot be assigned.
Error: Driver E2E Driver Two is currently on a trip and cannot be assigned.
    at Object.assignTanker (C:\Users\Atharva Kumbhar\StudioProjects\watertankerfinalui\watertanker-backend\src\services\queue.service.js:146:11)
    at process.processTicksAndRejections (node:internal/process/task_queues:103:5)
    at async assignTanker (C:\Users\Atharva Kumbhar\StudioProjects\watertankerfinalui\watertanker-backend\src\controllers\queue.controller.js:35:19)
[2026-06-21 14:55:17] ERROR: MongoDB connection failed: querySrv ECONNREFUSED _mongodb._tcp.cluster0.6u1nu.mongodb.net
[2026-06-21 15:45:22] ERROR: Uncaught Exception: listen EADDRINUSE: address already in use :::5000
[2026-06-21 15:45:36] ERROR: Error: Invalid mobile number or password.
Error: Invalid mobile number or password.
    at Object.login (C:\Users\Atharva Kumbhar\StudioProjects\watertankerfinalui\watertanker-backend\src\services\auth.service.js:98:13)
    at async login (C:\Users\Atharva Kumbhar\StudioProjects\watertankerfinalui\watertanker-backend\src\controllers\auth.controller.js:21:18)
[2026-06-21 15:45:36] ERROR: Error: Invalid username or password.
Error: Invalid username or password.
    at Object.login (C:\Users\Atharva Kumbhar\StudioProjects\watertankerfinalui\watertanker-backend\src\services\auth.service.js:82:15)
    at async login (C:\Users\Atharva Kumbhar\StudioProjects\watertankerfinalui\watertanker-backend\src\controllers\auth.controller.js:21:18)
[2026-06-21 15:45:36] ERROR: Error: Invalid mobile number or password.
Error: Invalid mobile number or password.
    at Object.login (C:\Users\Atharva Kumbhar\StudioProjects\watertankerfinalui\watertanker-backend\src\services\auth.service.js:98:13)
    at async login (C:\Users\Atharva Kumbhar\StudioProjects\watertankerfinalui\watertanker-backend\src\controllers\auth.controller.js:21:18)
[2026-06-21 15:46:07] ERROR: Uncaught Exception: listen EADDRINUSE: address already in use :::5000
[2026-06-21 15:46:10] ERROR: Error: Invalid mobile number or password.
Error: Invalid mobile number or password.
    at Object.login (C:\Users\Atharva Kumbhar\StudioProjects\watertankerfinalui\watertanker-backend\src\services\auth.service.js:98:13)
    at async login (C:\Users\Atharva Kumbhar\StudioProjects\watertankerfinalui\watertanker-backend\src\controllers\auth.controller.js:21:18)
[2026-06-21 15:46:11] ERROR: Error: Invalid username or password.
Error: Invalid username or password.
    at Object.login (C:\Users\Atharva Kumbhar\StudioProjects\watertankerfinalui\watertanker-backend\src\services\auth.service.js:82:15)
    at async login (C:\Users\Atharva Kumbhar\StudioProjects\watertankerfinalui\watertanker-backend\src\controllers\auth.controller.js:21:18)
[2026-06-21 16:50:02] ERROR: Error: Invalid or expired refresh token.
Error: Invalid or expired refresh token.
    at Object.refreshToken (C:\Users\Atharva Kumbhar\StudioProjects\watertankerfinalui\watertanker-backend\src\services\auth.service.js:159:11)
    at refresh (C:\Users\Atharva Kumbhar\StudioProjects\watertankerfinalui\watertanker-backend\src\controllers\auth.controller.js:30:36)
    at newFn (C:\Users\Atharva Kumbhar\StudioProjects\watertankerfinalui\watertanker-backend\node_modules\express-async-errors\index.js:16:20)
    at Layer.handle [as handle_request] (C:\Users\Atharva Kumbhar\StudioProjects\watertankerfinalui\watertanker-backend\node_modules\express\lib\router\layer.js:95:5)
    at next (C:\Users\Atharva Kumbhar\StudioProjects\watertankerfinalui\watertanker-backend\node_modules\express\lib\router\route.js:149:13)
    at validate (C:\Users\Atharva Kumbhar\StudioProjects\watertankerfinalui\watertanker-backend\src\middlewares\validate.middleware.js:25:3)
    at newFn (C:\Users\Atharva Kumbhar\StudioProjects\watertankerfinalui\watertanker-backend\node_modules\express-async-errors\index.js:16:20)
    at Layer.handle [as handle_request] (C:\Users\Atharva Kumbhar\StudioProjects\watertankerfinalui\watertanker-backend\node_modules\express\lib\router\layer.js:95:5)
    at next (C:\Users\Atharva Kumbhar\StudioProjects\watertankerfinalui\watertanker-backend\node_modules\express\lib\router\route.js:149:13)
    at middleware (C:\Users\Atharva Kumbhar\StudioProjects\watertankerfinalui\watertanker-backend\node_modules\express-validator\lib\middlewares\check.js:16:13)
