[2026-06-22 00:32:34] ERROR: Error: An account with this mobile number already exists.
Error: An account with this mobile number already exists.
    at Object.register (C:\Users\Atharva Kumbhar\StudioProjects\watertankerfinalui\watertanker-backend\src\services\auth.service.js:32:11)
    at process.processTicksAndRejections (node:internal/process/task_queues:103:5)
    at async register (C:\Users\Atharva Kumbhar\StudioProjects\watertankerfinalui\watertanker-backend\src\controllers\auth.controller.js:8:18)
[2026-06-22 00:32:36] ERROR: Error: Invalid mobile number or password.
Error: Invalid mobile number or password.
    at Object.login (C:\Users\Atharva Kumbhar\StudioProjects\watertankerfinalui\watertanker-backend\src\services\auth.service.js:98:13)
    at async login (C:\Users\Atharva Kumbhar\StudioProjects\watertankerfinalui\watertanker-backend\src\controllers\auth.controller.js:21:18)
[2026-06-22 00:32:48] ERROR: MongoServerError: E11000 duplicate key error collection: wmstest.drivers index: mobileNumber_1 dup key: { mobileNumber: "8547391001" }
MongoServerError: E11000 duplicate key error collection: wmstest.drivers index: mobileNumber_1 dup key: { mobileNumber: "8547391001" }
    at InsertOneOperation.handleOk (C:\Users\Atharva Kumbhar\StudioProjects\watertankerfinalui\watertanker-backend\node_modules\mongodb\lib\operations\insert.js:51:19)
    at tryOperation (C:\Users\Atharva Kumbhar\StudioProjects\watertankerfinalui\watertanker-backend\node_modules\mongodb\lib\operations\execute_operation.js:214:34)
    at process.processTicksAndRejections (node:internal/process/task_queues:103:5)
    at async executeOperation (C:\Users\Atharva Kumbhar\StudioProjects\watertankerfinalui\watertanker-backend\node_modules\mongodb\lib\operations\execute_operation.js:78:16)
    at async Collection.insertOne (C:\Users\Atharva Kumbhar\StudioProjects\watertankerfinalui\watertanker-backend\node_modules\mongodb\lib\collection.js:154:16)
[2026-06-22 00:32:51] ERROR: Error: Driver not found
Error: Driver not found
    at Object.getDriverById (C:\Users\Atharva Kumbhar\StudioProjects\watertankerfinalui\watertanker-backend\src\services\driver.service.js:48:22)
    at process.processTicksAndRejections (node:internal/process/task_queues:103:5)
    at async getDriverById (C:\Users\Atharva Kumbhar\StudioProjects\watertankerfinalui\watertanker-backend\src\controllers\driver.controller.js:71:20)
[2026-06-22 00:32:52] ERROR: Error: Tanker number already exists.
Error: Tanker number already exists.
    at Object.addTanker (C:\Users\Atharva Kumbhar\StudioProjects\watertankerfinalui\watertanker-backend\src\services\tanker.service.js:8:23)
    at process.processTicksAndRejections (node:internal/process/task_queues:103:5)
    at async addTanker (C:\Users\Atharva Kumbhar\StudioProjects\watertankerfinalui\watertanker-backend\src\controllers\tanker.controller.js:8:20)
[2026-06-22 00:33:00] ERROR: Error: This entry is already marked as wrong
Error: This entry is already marked as wrong
    at Object.markAsWrongEntry (C:\Users\Atharva Kumbhar\StudioProjects\watertankerfinalui\watertanker-backend\src\services\dieselFilling.service.js:389:11)
    at process.processTicksAndRejections (node:internal/process/task_queues:103:5)
    at async markAsWrongEntry (C:\Users\Atharva Kumbhar\StudioProjects\watertankerfinalui\watertanker-backend\src\controllers\dieselFilling.controller.js:192:28)
[2026-06-22 00:33:08] ERROR: Error: Tanker TST54739103 has no diesel filling record. Ask the Fuel Manager to record a filling before assigning this tanker.
Error: Tanker TST54739103 has no diesel filling record. Ask the Fuel Manager to record a filling before assigning this tanker.
    at Object.assignTanker (C:\Users\Atharva Kumbhar\StudioProjects\watertankerfinalui\watertanker-backend\src\services\queue.service.js:127:11)
    at process.processTicksAndRejections (node:internal/process/task_queues:103:5)
    at async assignTanker (C:\Users\Atharva Kumbhar\StudioProjects\watertankerfinalui\watertanker-backend\src\controllers\queue.controller.js:35:19)
[2026-06-22 00:33:10] ERROR: Error: Driver E2E Blocked Driver is blocked and cannot be assigned.
Error: Driver E2E Blocked Driver is blocked and cannot be assigned.
    at Object.assignTanker (C:\Users\Atharva Kumbhar\StudioProjects\watertankerfinalui\watertanker-backend\src\services\queue.service.js:141:11)
    at process.processTicksAndRejections (node:internal/process/task_queues:103:5)
    at async assignTanker (C:\Users\Atharva Kumbhar\StudioProjects\watertankerfinalui\watertanker-backend\src\controllers\queue.controller.js:35:19)
[2026-06-22 00:33:12] ERROR: Error: Tanker TST54739101 is currently on a trip and cannot be assigned.
Error: Tanker TST54739101 is currently on a trip and cannot be assigned.
    at Object.assignTanker (C:\Users\Atharva Kumbhar\StudioProjects\watertankerfinalui\watertanker-backend\src\services\queue.service.js:118:11)
    at process.processTicksAndRejections (node:internal/process/task_queues:103:5)
    at async assignTanker (C:\Users\Atharva Kumbhar\StudioProjects\watertankerfinalui\watertanker-backend\src\controllers\queue.controller.js:35:19)
[2026-06-22 00:33:12] ERROR: Error: Assign a tanker first before setting source and destination.
Error: Assign a tanker first before setting source and destination.
    at Object.assignSourceDestination (C:\Users\Atharva Kumbhar\StudioProjects\watertankerfinalui\watertanker-backend\src\services\queue.service.js:286:11)
    at process.processTicksAndRejections (node:internal/process/task_queues:103:5)
    at async assignSourceDestination (C:\Users\Atharva Kumbhar\StudioProjects\watertankerfinalui\watertanker-backend\src\controllers\queue.controller.js:70:19)
[2026-06-22 00:33:12] ERROR: Error: Cannot complete: source and destination must be set first.
Error: Cannot complete: source and destination must be set first.
    at Object.completeRequest (C:\Users\Atharva Kumbhar\StudioProjects\watertankerfinalui\watertanker-backend\src\services\queue.service.js:318:11)
    at process.processTicksAndRejections (node:internal/process/task_queues:103:5)
    at async completeRequest (C:\Users\Atharva Kumbhar\StudioProjects\watertankerfinalui\watertanker-backend\src\controllers\queue.controller.js:86:21)
[2026-06-22 00:33:34] ERROR: Error: Request not found or cannot be cancelled.
Error: Request not found or cannot be cancelled.
    at Object.cancelRequest (C:\Users\Atharva Kumbhar\StudioProjects\watertankerfinalui\watertanker-backend\src\services\request.service.js:68:23)
    at process.processTicksAndRejections (node:internal/process/task_queues:103:5)
    at async cancelRequest (C:\Users\Atharva Kumbhar\StudioProjects\watertankerfinalui\watertanker-backend\src\controllers\request.controller.js:81:19)
[2026-06-22 00:33:40] ERROR: CastError: Cast to ObjectId failed for value "not-a-valid-id" (type string) at path "_id" for model "Request"
CastError: Cast to ObjectId failed for value "not-a-valid-id" (type string) at path "_id" for model "Request"
    at SchemaObjectId.cast (C:\Users\Atharva Kumbhar\StudioProjects\watertankerfinalui\watertanker-backend\node_modules\mongoose\lib\schema\objectId.js:253:11)
    at SchemaType.applySetters (C:\Users\Atharva Kumbhar\StudioProjects\watertankerfinalui\watertanker-backend\node_modules\mongoose\lib\schemaType.js:1288:12)
    at SchemaType.castForQuery (C:\Users\Atharva Kumbhar\StudioProjects\watertankerfinalui\watertanker-backend\node_modules\mongoose\lib\schemaType.js:1724:17)
    at cast (C:\Users\Atharva Kumbhar\StudioProjects\watertankerfinalui\watertanker-backend\node_modules\mongoose\lib\cast.js:390:32)
    at Query.cast (C:\Users\Atharva Kumbhar\StudioProjects\watertankerfinalui\watertanker-backend\node_modules\mongoose\lib\query.js:5060:12)
    at Query._castConditions (C:\Users\Atharva Kumbhar\StudioProjects\watertankerfinalui\watertanker-backend\node_modules\mongoose\lib\query.js:2374:10)
    at model.Query._findOne (C:\Users\Atharva Kumbhar\StudioProjects\watertankerfinalui\watertanker-backend\node_modules\mongoose\lib\query.js:2697:8)
    at model.Query.exec (C:\Users\Atharva Kumbhar\StudioProjects\watertankerfinalui\watertanker-backend\node_modules\mongoose\lib\query.js:4627:80)
    at process.processTicksAndRejections (node:internal/process/task_queues:103:5)
    at async Object.getRequestById (C:\Users\Atharva Kumbhar\StudioProjects\watertankerfinalui\watertanker-backend\src\services\request.service.js:44:19)
[2026-06-22 00:33:41] ERROR: Error: Tanker TST54739101 is currently on a trip and cannot be assigned.
Error: Tanker TST54739101 is currently on a trip and cannot be assigned.
    at Object.assignTanker (C:\Users\Atharva Kumbhar\StudioProjects\watertankerfinalui\watertanker-backend\src\services\queue.service.js:118:11)
    at process.processTicksAndRejections (node:internal/process/task_queues:103:5)
    at async assignTanker (C:\Users\Atharva Kumbhar\StudioProjects\watertankerfinalui\watertanker-backend\src\controllers\queue.controller.js:35:19)
[2026-06-22 00:33:44] ERROR: Error: Driver E2E Driver Two is currently on a trip and cannot be assigned.
Error: Driver E2E Driver Two is currently on a trip and cannot be assigned.
    at Object.assignTanker (C:\Users\Atharva Kumbhar\StudioProjects\watertankerfinalui\watertanker-backend\src\services\queue.service.js:146:11)
    at process.processTicksAndRejections (node:internal/process/task_queues:103:5)
    at async assignTanker (C:\Users\Atharva Kumbhar\StudioProjects\watertankerfinalui\watertanker-backend\src\controllers\queue.controller.js:35:19)
[2026-06-22 00:35:12] ERROR: Error: An account with this mobile number already exists.
Error: An account with this mobile number already exists.
    at Object.register (C:\Users\Atharva Kumbhar\StudioProjects\watertankerfinalui\watertanker-backend\src\services\auth.service.js:32:11)
    at process.processTicksAndRejections (node:internal/process/task_queues:103:5)
    at async register (C:\Users\Atharva Kumbhar\StudioProjects\watertankerfinalui\watertanker-backend\src\controllers\auth.controller.js:8:18)
[2026-06-22 00:35:15] ERROR: Error: Invalid mobile number or password.
Error: Invalid mobile number or password.
    at Object.login (C:\Users\Atharva Kumbhar\StudioProjects\watertankerfinalui\watertanker-backend\src\services\auth.service.js:98:13)
    at async login (C:\Users\Atharva Kumbhar\StudioProjects\watertankerfinalui\watertanker-backend\src\controllers\auth.controller.js:21:18)
[2026-06-22 00:35:31] ERROR: MongoServerError: E11000 duplicate key error collection: wmstest.drivers index: mobileNumber_1 dup key: { mobileNumber: "8703269001" }
MongoServerError: E11000 duplicate key error collection: wmstest.drivers index: mobileNumber_1 dup key: { mobileNumber: "8703269001" }
    at InsertOneOperation.handleOk (C:\Users\Atharva Kumbhar\StudioProjects\watertankerfinalui\watertanker-backend\node_modules\mongodb\lib\operations\insert.js:51:19)
    at tryOperation (C:\Users\Atharva Kumbhar\StudioProjects\watertankerfinalui\watertanker-backend\node_modules\mongodb\lib\operations\execute_operation.js:214:34)
    at process.processTicksAndRejections (node:internal/process/task_queues:103:5)
    at async executeOperation (C:\Users\Atharva Kumbhar\StudioProjects\watertankerfinalui\watertanker-backend\node_modules\mongodb\lib\operations\execute_operation.js:78:16)
    at async Collection.insertOne (C:\Users\Atharva Kumbhar\StudioProjects\watertankerfinalui\watertanker-backend\node_modules\mongodb\lib\collection.js:154:16)
[2026-06-22 00:35:33] ERROR: Error: Driver not found
Error: Driver not found
    at Object.getDriverById (C:\Users\Atharva Kumbhar\StudioProjects\watertankerfinalui\watertanker-backend\src\services\driver.service.js:48:22)
    at process.processTicksAndRejections (node:internal/process/task_queues:103:5)
    at async getDriverById (C:\Users\Atharva Kumbhar\StudioProjects\watertankerfinalui\watertanker-backend\src\controllers\driver.controller.js:71:20)
[2026-06-22 00:35:35] ERROR: Error: Tanker number already exists.
Error: Tanker number already exists.
    at Object.addTanker (C:\Users\Atharva Kumbhar\StudioProjects\watertankerfinalui\watertanker-backend\src\services\tanker.service.js:8:23)
    at process.processTicksAndRejections (node:internal/process/task_queues:103:5)
    at async addTanker (C:\Users\Atharva Kumbhar\StudioProjects\watertankerfinalui\watertanker-backend\src\controllers\tanker.controller.js:8:20)
[2026-06-22 00:35:40] ERROR: Error: This entry is already marked as wrong
Error: This entry is already marked as wrong
    at Object.markAsWrongEntry (C:\Users\Atharva Kumbhar\StudioProjects\watertankerfinalui\watertanker-backend\src\services\dieselFilling.service.js:389:11)
    at process.processTicksAndRejections (node:internal/process/task_queues:103:5)
    at async markAsWrongEntry (C:\Users\Atharva Kumbhar\StudioProjects\watertankerfinalui\watertanker-backend\src\controllers\dieselFilling.controller.js:192:28)
[2026-06-22 00:35:47] ERROR: Error: Tanker TST70326903 has no diesel filling record. Ask the Fuel Manager to record a filling before assigning this tanker.
Error: Tanker TST70326903 has no diesel filling record. Ask the Fuel Manager to record a filling before assigning this tanker.
    at Object.assignTanker (C:\Users\Atharva Kumbhar\StudioProjects\watertankerfinalui\watertanker-backend\src\services\queue.service.js:127:11)
    at process.processTicksAndRejections (node:internal/process/task_queues:103:5)
    at async assignTanker (C:\Users\Atharva Kumbhar\StudioProjects\watertankerfinalui\watertanker-backend\src\controllers\queue.controller.js:35:19)
[2026-06-22 00:35:47] ERROR: Error: Driver E2E Blocked Driver is blocked and cannot be assigned.
Error: Driver E2E Blocked Driver is blocked and cannot be assigned.
    at Object.assignTanker (C:\Users\Atharva Kumbhar\StudioProjects\watertankerfinalui\watertanker-backend\src\services\queue.service.js:141:11)
    at process.processTicksAndRejections (node:internal/process/task_queues:103:5)
    at async assignTanker (C:\Users\Atharva Kumbhar\StudioProjects\watertankerfinalui\watertanker-backend\src\controllers\queue.controller.js:35:19)
[2026-06-22 00:35:48] ERROR: Error: Tanker TST70326901 is currently on a trip and cannot be assigned.
Error: Tanker TST70326901 is currently on a trip and cannot be assigned.
    at Object.assignTanker (C:\Users\Atharva Kumbhar\StudioProjects\watertankerfinalui\watertanker-backend\src\services\queue.service.js:118:11)
    at process.processTicksAndRejections (node:internal/process/task_queues:103:5)
    at async assignTanker (C:\Users\Atharva Kumbhar\StudioProjects\watertankerfinalui\watertanker-backend\src\controllers\queue.controller.js:35:19)
[2026-06-22 00:35:48] ERROR: Error: Assign a tanker first before setting source and destination.
Error: Assign a tanker first before setting source and destination.
    at Object.assignSourceDestination (C:\Users\Atharva Kumbhar\StudioProjects\watertankerfinalui\watertanker-backend\src\services\queue.service.js:286:11)
    at process.processTicksAndRejections (node:internal/process/task_queues:103:5)
    at async assignSourceDestination (C:\Users\Atharva Kumbhar\StudioProjects\watertankerfinalui\watertanker-backend\src\controllers\queue.controller.js:70:19)
[2026-06-22 00:35:48] ERROR: Error: Cannot complete: source and destination must be set first.
Error: Cannot complete: source and destination must be set first.
    at Object.completeRequest (C:\Users\Atharva Kumbhar\StudioProjects\watertankerfinalui\watertanker-backend\src\services\queue.service.js:318:11)
    at process.processTicksAndRejections (node:internal/process/task_queues:103:5)
    at async completeRequest (C:\Users\Atharva Kumbhar\StudioProjects\watertankerfinalui\watertanker-backend\src\controllers\queue.controller.js:86:21)
[2026-06-22 00:36:07] ERROR: Error: Receipt not found for this request.
Error: Receipt not found for this request.
    at Object.refreshReceiptForRequest (C:\Users\Atharva Kumbhar\StudioProjects\watertankerfinalui\watertanker-backend\src\services\receipt.service.js:109:23)
    at process.processTicksAndRejections (node:internal/process/task_queues:103:5)
    at async refreshReceipt (C:\Users\Atharva Kumbhar\StudioProjects\watertankerfinalui\watertanker-backend\src\controllers\receipt.controller.js:25:19)
[2026-06-22 00:36:08] ERROR: Error: Request not found or cannot be cancelled.
Error: Request not found or cannot be cancelled.
    at Object.cancelRequest (C:\Users\Atharva Kumbhar\StudioProjects\watertankerfinalui\watertanker-backend\src\services\request.service.js:68:23)
    at process.processTicksAndRejections (node:internal/process/task_queues:103:5)
    at async cancelRequest (C:\Users\Atharva Kumbhar\StudioProjects\watertankerfinalui\watertanker-backend\src\controllers\request.controller.js:81:19)
[2026-06-22 00:36:14] ERROR: CastError: Cast to ObjectId failed for value "not-a-valid-id" (type string) at path "_id" for model "Request"
CastError: Cast to ObjectId failed for value "not-a-valid-id" (type string) at path "_id" for model "Request"
    at SchemaObjectId.cast (C:\Users\Atharva Kumbhar\StudioProjects\watertankerfinalui\watertanker-backend\node_modules\mongoose\lib\schema\objectId.js:253:11)
    at SchemaType.applySetters (C:\Users\Atharva Kumbhar\StudioProjects\watertankerfinalui\watertanker-backend\node_modules\mongoose\lib\schemaType.js:1288:12)
    at SchemaType.castForQuery (C:\Users\Atharva Kumbhar\StudioProjects\watertankerfinalui\watertanker-backend\node_modules\mongoose\lib\schemaType.js:1724:17)
    at cast (C:\Users\Atharva Kumbhar\StudioProjects\watertankerfinalui\watertanker-backend\node_modules\mongoose\lib\cast.js:390:32)
    at Query.cast (C:\Users\Atharva Kumbhar\StudioProjects\watertankerfinalui\watertanker-backend\node_modules\mongoose\lib\query.js:5060:12)
    at Query._castConditions (C:\Users\Atharva Kumbhar\StudioProjects\watertankerfinalui\watertanker-backend\node_modules\mongoose\lib\query.js:2374:10)
    at model.Query._findOne (C:\Users\Atharva Kumbhar\StudioProjects\watertankerfinalui\watertanker-backend\node_modules\mongoose\lib\query.js:2697:8)
    at model.Query.exec (C:\Users\Atharva Kumbhar\StudioProjects\watertankerfinalui\watertanker-backend\node_modules\mongoose\lib\query.js:4627:80)
    at process.processTicksAndRejections (node:internal/process/task_queues:103:5)
    at async Object.getRequestById (C:\Users\Atharva Kumbhar\StudioProjects\watertankerfinalui\watertanker-backend\src\services\request.service.js:44:19)
[2026-06-22 00:36:15] ERROR: Error: Tanker TST70326901 is currently on a trip and cannot be assigned.
Error: Tanker TST70326901 is currently on a trip and cannot be assigned.
    at Object.assignTanker (C:\Users\Atharva Kumbhar\StudioProjects\watertankerfinalui\watertanker-backend\src\services\queue.service.js:118:11)
    at process.processTicksAndRejections (node:internal/process/task_queues:103:5)
    at async assignTanker (C:\Users\Atharva Kumbhar\StudioProjects\watertankerfinalui\watertanker-backend\src\controllers\queue.controller.js:35:19)
[2026-06-22 00:36:18] ERROR: Error: Driver E2E Driver Two is currently on a trip and cannot be assigned.
Error: Driver E2E Driver Two is currently on a trip and cannot be assigned.
    at Object.assignTanker (C:\Users\Atharva Kumbhar\StudioProjects\watertankerfinalui\watertanker-backend\src\services\queue.service.js:146:11)
    at process.processTicksAndRejections (node:internal/process/task_queues:103:5)
    at async assignTanker (C:\Users\Atharva Kumbhar\StudioProjects\watertankerfinalui\watertanker-backend\src\controllers\queue.controller.js:35:19)
